ARM GAS  C:\Users\adam\AppData\Local\Temp\ccV3fdWr.s 			page 1


   1              		.syntax unified
   2              		.cpu cortex-m3
   3              		.fpu softvfp
   4              		.eabi_attribute 20, 1
   5              		.eabi_attribute 21, 1
   6              		.eabi_attribute 23, 3
   7              		.eabi_attribute 24, 1
   8              		.eabi_attribute 25, 1
   9              		.eabi_attribute 26, 1
  10              		.eabi_attribute 30, 6
  11              		.eabi_attribute 34, 1
  12              		.eabi_attribute 18, 4
  13              		.thumb
  14              		.file	"cyfitter_cfg.c"
  15              		.text
  16              	.Ltext0:
  17              		.cfi_sections	.debug_frame
  18              		.section	.text.CYMEMZERO,"ax",%progbits
  19              		.align	2
  20              		.thumb
  21              		.thumb_func
  22              		.type	CYMEMZERO, %function
  23              	CYMEMZERO:
  24              	.LFB0:
  25              		.file 1 ".\\Generated_Source\\PSoC5\\cyfitter_cfg.c"
   1:.\Generated_Source\PSoC5/cyfitter_cfg.c **** /*******************************************************************************
   2:.\Generated_Source\PSoC5/cyfitter_cfg.c **** * FILENAME: cyfitter_cfg.c
   3:.\Generated_Source\PSoC5/cyfitter_cfg.c **** * PSoC Creator 3.0 SP1
   4:.\Generated_Source\PSoC5/cyfitter_cfg.c **** *
   5:.\Generated_Source\PSoC5/cyfitter_cfg.c **** * Description:
   6:.\Generated_Source\PSoC5/cyfitter_cfg.c **** * This file is automatically generated by PSoC Creator with device 
   7:.\Generated_Source\PSoC5/cyfitter_cfg.c **** * initialization code.  Except for the user defined sections in
   8:.\Generated_Source\PSoC5/cyfitter_cfg.c **** * CyClockStartupError(), this file should not be modified.
   9:.\Generated_Source\PSoC5/cyfitter_cfg.c **** *
  10:.\Generated_Source\PSoC5/cyfitter_cfg.c **** ********************************************************************************
  11:.\Generated_Source\PSoC5/cyfitter_cfg.c **** * Copyright 2013, Cypress Semiconductor Corporation.  All rights reserved.
  12:.\Generated_Source\PSoC5/cyfitter_cfg.c **** * You may use this file only in accordance with the license, terms, conditions, 
  13:.\Generated_Source\PSoC5/cyfitter_cfg.c **** * disclaimers, and limitations in the end user license agreement accompanying 
  14:.\Generated_Source\PSoC5/cyfitter_cfg.c **** * the software package with which this file was provided.
  15:.\Generated_Source\PSoC5/cyfitter_cfg.c **** ********************************************************************************/
  16:.\Generated_Source\PSoC5/cyfitter_cfg.c **** 
  17:.\Generated_Source\PSoC5/cyfitter_cfg.c **** #include <string.h>
  18:.\Generated_Source\PSoC5/cyfitter_cfg.c **** #include <cytypes.h>
  19:.\Generated_Source\PSoC5/cyfitter_cfg.c **** #include <cydevice_trm.h>
  20:.\Generated_Source\PSoC5/cyfitter_cfg.c **** #include <cyfitter.h>
  21:.\Generated_Source\PSoC5/cyfitter_cfg.c **** #include <CyLib.h>
  22:.\Generated_Source\PSoC5/cyfitter_cfg.c **** #include <cyfitter_cfg.h>
  23:.\Generated_Source\PSoC5/cyfitter_cfg.c **** 
  24:.\Generated_Source\PSoC5/cyfitter_cfg.c **** #define CY_NEED_CYCLOCKSTARTUPERROR 1
  25:.\Generated_Source\PSoC5/cyfitter_cfg.c **** 
  26:.\Generated_Source\PSoC5/cyfitter_cfg.c **** 
  27:.\Generated_Source\PSoC5/cyfitter_cfg.c **** #if defined(__GNUC__) || defined(__ARMCC_VERSION)
  28:.\Generated_Source\PSoC5/cyfitter_cfg.c ****     #define CYPACKED 
  29:.\Generated_Source\PSoC5/cyfitter_cfg.c ****     #define CYPACKED_ATTR __attribute__ ((packed))
  30:.\Generated_Source\PSoC5/cyfitter_cfg.c ****     #define CYALIGNED __attribute__ ((aligned))
  31:.\Generated_Source\PSoC5/cyfitter_cfg.c ****     #define CY_CFG_UNUSED __attribute__ ((unused))
  32:.\Generated_Source\PSoC5/cyfitter_cfg.c ****     #define CY_CFG_SECTION __attribute__ ((section(".psocinit")))
ARM GAS  C:\Users\adam\AppData\Local\Temp\ccV3fdWr.s 			page 2


  33:.\Generated_Source\PSoC5/cyfitter_cfg.c ****     
  34:.\Generated_Source\PSoC5/cyfitter_cfg.c ****     #if defined(__ARMCC_VERSION)
  35:.\Generated_Source\PSoC5/cyfitter_cfg.c ****         #define CY_CFG_MEMORY_BARRIER() __memory_changed()
  36:.\Generated_Source\PSoC5/cyfitter_cfg.c ****     #else
  37:.\Generated_Source\PSoC5/cyfitter_cfg.c ****         #define CY_CFG_MEMORY_BARRIER() __sync_synchronize()
  38:.\Generated_Source\PSoC5/cyfitter_cfg.c ****     #endif
  39:.\Generated_Source\PSoC5/cyfitter_cfg.c ****     
  40:.\Generated_Source\PSoC5/cyfitter_cfg.c **** #elif defined(__ICCARM__)
  41:.\Generated_Source\PSoC5/cyfitter_cfg.c ****     #include <intrinsics.h>
  42:.\Generated_Source\PSoC5/cyfitter_cfg.c **** 
  43:.\Generated_Source\PSoC5/cyfitter_cfg.c ****     #define CYPACKED __packed
  44:.\Generated_Source\PSoC5/cyfitter_cfg.c ****     #define CYPACKED_ATTR 
  45:.\Generated_Source\PSoC5/cyfitter_cfg.c ****     #define CYALIGNED _Pragma("data_alignment=4")
  46:.\Generated_Source\PSoC5/cyfitter_cfg.c ****     #define CY_CFG_UNUSED _Pragma("diag_suppress=Pe177")
  47:.\Generated_Source\PSoC5/cyfitter_cfg.c ****     #define CY_CFG_SECTION _Pragma("location=\".psocinit\"")
  48:.\Generated_Source\PSoC5/cyfitter_cfg.c ****     
  49:.\Generated_Source\PSoC5/cyfitter_cfg.c ****     #define CY_CFG_MEMORY_BARRIER() __DMB()
  50:.\Generated_Source\PSoC5/cyfitter_cfg.c ****     
  51:.\Generated_Source\PSoC5/cyfitter_cfg.c **** #else
  52:.\Generated_Source\PSoC5/cyfitter_cfg.c ****     #error Unsupported toolchain
  53:.\Generated_Source\PSoC5/cyfitter_cfg.c **** #endif
  54:.\Generated_Source\PSoC5/cyfitter_cfg.c **** 
  55:.\Generated_Source\PSoC5/cyfitter_cfg.c **** 
  56:.\Generated_Source\PSoC5/cyfitter_cfg.c **** CY_CFG_UNUSED
  57:.\Generated_Source\PSoC5/cyfitter_cfg.c **** static void CYMEMZERO(void *s, size_t n);
  58:.\Generated_Source\PSoC5/cyfitter_cfg.c **** CY_CFG_UNUSED
  59:.\Generated_Source\PSoC5/cyfitter_cfg.c **** static void CYMEMZERO(void *s, size_t n)
  60:.\Generated_Source\PSoC5/cyfitter_cfg.c **** {
  26              		.loc 1 60 0
  27              		.cfi_startproc
  28              		@ args = 0, pretend = 0, frame = 8
  29              		@ frame_needed = 1, uses_anonymous_args = 0
  30 0000 80B5     		push	{r7, lr}
  31              	.LCFI0:
  32              		.cfi_def_cfa_offset 8
  33              		.cfi_offset 7, -8
  34              		.cfi_offset 14, -4
  35 0002 82B0     		sub	sp, sp, #8
  36              	.LCFI1:
  37              		.cfi_def_cfa_offset 16
  38 0004 00AF     		add	r7, sp, #0
  39              	.LCFI2:
  40              		.cfi_def_cfa_register 7
  41 0006 7860     		str	r0, [r7, #4]
  42 0008 3960     		str	r1, [r7, #0]
  61:.\Generated_Source\PSoC5/cyfitter_cfg.c **** 	(void)memset(s, 0, n);
  43              		.loc 1 61 0
  44 000a 7868     		ldr	r0, [r7, #4]
  45 000c 4FF00001 		mov	r1, #0
  46 0010 3A68     		ldr	r2, [r7, #0]
  47 0012 FFF7FEFF 		bl	memset
  62:.\Generated_Source\PSoC5/cyfitter_cfg.c **** }
  48              		.loc 1 62 0
  49 0016 07F10807 		add	r7, r7, #8
  50 001a BD46     		mov	sp, r7
  51 001c 80BD     		pop	{r7, pc}
  52              		.cfi_endproc
ARM GAS  C:\Users\adam\AppData\Local\Temp\ccV3fdWr.s 			page 3


  53              	.LFE0:
  54              		.size	CYMEMZERO, .-CYMEMZERO
  55 001e 00BF     		.section	.text.CYCONFIGCPY,"ax",%progbits
  56              		.align	2
  57              		.thumb
  58              		.thumb_func
  59              		.type	CYCONFIGCPY, %function
  60              	CYCONFIGCPY:
  61              	.LFB1:
  63:.\Generated_Source\PSoC5/cyfitter_cfg.c **** CY_CFG_UNUSED
  64:.\Generated_Source\PSoC5/cyfitter_cfg.c **** static void CYCONFIGCPY(void *dest, const void *src, size_t n);
  65:.\Generated_Source\PSoC5/cyfitter_cfg.c **** CY_CFG_UNUSED
  66:.\Generated_Source\PSoC5/cyfitter_cfg.c **** static void CYCONFIGCPY(void *dest, const void *src, size_t n)
  67:.\Generated_Source\PSoC5/cyfitter_cfg.c **** {
  62              		.loc 1 67 0
  63              		.cfi_startproc
  64              		@ args = 0, pretend = 0, frame = 16
  65              		@ frame_needed = 1, uses_anonymous_args = 0
  66 0000 80B5     		push	{r7, lr}
  67              	.LCFI3:
  68              		.cfi_def_cfa_offset 8
  69              		.cfi_offset 7, -8
  70              		.cfi_offset 14, -4
  71 0002 84B0     		sub	sp, sp, #16
  72              	.LCFI4:
  73              		.cfi_def_cfa_offset 24
  74 0004 00AF     		add	r7, sp, #0
  75              	.LCFI5:
  76              		.cfi_def_cfa_register 7
  77 0006 F860     		str	r0, [r7, #12]
  78 0008 B960     		str	r1, [r7, #8]
  79 000a 7A60     		str	r2, [r7, #4]
  68:.\Generated_Source\PSoC5/cyfitter_cfg.c **** 	(void)memcpy(dest, src, n);
  80              		.loc 1 68 0
  81 000c F868     		ldr	r0, [r7, #12]
  82 000e B968     		ldr	r1, [r7, #8]
  83 0010 7A68     		ldr	r2, [r7, #4]
  84 0012 FFF7FEFF 		bl	memcpy
  69:.\Generated_Source\PSoC5/cyfitter_cfg.c **** }
  85              		.loc 1 69 0
  86 0016 07F11007 		add	r7, r7, #16
  87 001a BD46     		mov	sp, r7
  88 001c 80BD     		pop	{r7, pc}
  89              		.cfi_endproc
  90              	.LFE1:
  91              		.size	CYCONFIGCPY, .-CYCONFIGCPY
  92 001e 00BF     		.section	.text.CYCONFIGCPYCODE,"ax",%progbits
  93              		.align	2
  94              		.thumb
  95              		.thumb_func
  96              		.type	CYCONFIGCPYCODE, %function
  97              	CYCONFIGCPYCODE:
  98              	.LFB2:
  70:.\Generated_Source\PSoC5/cyfitter_cfg.c **** CY_CFG_UNUSED
  71:.\Generated_Source\PSoC5/cyfitter_cfg.c **** static void CYCONFIGCPYCODE(void *dest, const void *src, size_t n);
  72:.\Generated_Source\PSoC5/cyfitter_cfg.c **** CY_CFG_UNUSED
  73:.\Generated_Source\PSoC5/cyfitter_cfg.c **** static void CYCONFIGCPYCODE(void *dest, const void *src, size_t n)
ARM GAS  C:\Users\adam\AppData\Local\Temp\ccV3fdWr.s 			page 4


  74:.\Generated_Source\PSoC5/cyfitter_cfg.c **** {
  99              		.loc 1 74 0
 100              		.cfi_startproc
 101              		@ args = 0, pretend = 0, frame = 16
 102              		@ frame_needed = 1, uses_anonymous_args = 0
 103 0000 80B5     		push	{r7, lr}
 104              	.LCFI6:
 105              		.cfi_def_cfa_offset 8
 106              		.cfi_offset 7, -8
 107              		.cfi_offset 14, -4
 108 0002 84B0     		sub	sp, sp, #16
 109              	.LCFI7:
 110              		.cfi_def_cfa_offset 24
 111 0004 00AF     		add	r7, sp, #0
 112              	.LCFI8:
 113              		.cfi_def_cfa_register 7
 114 0006 F860     		str	r0, [r7, #12]
 115 0008 B960     		str	r1, [r7, #8]
 116 000a 7A60     		str	r2, [r7, #4]
  75:.\Generated_Source\PSoC5/cyfitter_cfg.c **** 	(void)memcpy(dest, src, n);
 117              		.loc 1 75 0
 118 000c F868     		ldr	r0, [r7, #12]
 119 000e B968     		ldr	r1, [r7, #8]
 120 0010 7A68     		ldr	r2, [r7, #4]
 121 0012 FFF7FEFF 		bl	memcpy
  76:.\Generated_Source\PSoC5/cyfitter_cfg.c **** }
 122              		.loc 1 76 0
 123 0016 07F11007 		add	r7, r7, #16
 124 001a BD46     		mov	sp, r7
 125 001c 80BD     		pop	{r7, pc}
 126              		.cfi_endproc
 127              	.LFE2:
 128              		.size	CYCONFIGCPYCODE, .-CYCONFIGCPYCODE
 129 001e 00BF     		.section	.text.CyClockStartupError,"ax",%progbits
 130              		.align	2
 131              		.thumb
 132              		.thumb_func
 133              		.type	CyClockStartupError, %function
 134              	CyClockStartupError:
 135              	.LFB3:
  77:.\Generated_Source\PSoC5/cyfitter_cfg.c **** 
  78:.\Generated_Source\PSoC5/cyfitter_cfg.c **** 
  79:.\Generated_Source\PSoC5/cyfitter_cfg.c **** 
  80:.\Generated_Source\PSoC5/cyfitter_cfg.c **** /* Clock startup error codes                                                   */
  81:.\Generated_Source\PSoC5/cyfitter_cfg.c **** #define CYCLOCKSTART_NO_ERROR    0u
  82:.\Generated_Source\PSoC5/cyfitter_cfg.c **** #define CYCLOCKSTART_XTAL_ERROR  1u
  83:.\Generated_Source\PSoC5/cyfitter_cfg.c **** #define CYCLOCKSTART_32KHZ_ERROR 2u
  84:.\Generated_Source\PSoC5/cyfitter_cfg.c **** #define CYCLOCKSTART_PLL_ERROR   3u
  85:.\Generated_Source\PSoC5/cyfitter_cfg.c **** 
  86:.\Generated_Source\PSoC5/cyfitter_cfg.c **** #ifdef CY_NEED_CYCLOCKSTARTUPERROR
  87:.\Generated_Source\PSoC5/cyfitter_cfg.c **** /*******************************************************************************
  88:.\Generated_Source\PSoC5/cyfitter_cfg.c **** * Function Name: CyClockStartupError
  89:.\Generated_Source\PSoC5/cyfitter_cfg.c **** ********************************************************************************
  90:.\Generated_Source\PSoC5/cyfitter_cfg.c **** * Summary:
  91:.\Generated_Source\PSoC5/cyfitter_cfg.c **** *  If an error is encountered during clock configuration (crystal startup error,
  92:.\Generated_Source\PSoC5/cyfitter_cfg.c **** *  PLL lock error, etc.), the system will end up here.  Unless reimplemented by
  93:.\Generated_Source\PSoC5/cyfitter_cfg.c **** *  the customer, this function will stop in an infinite loop.
ARM GAS  C:\Users\adam\AppData\Local\Temp\ccV3fdWr.s 			page 5


  94:.\Generated_Source\PSoC5/cyfitter_cfg.c **** *
  95:.\Generated_Source\PSoC5/cyfitter_cfg.c **** * Parameters:
  96:.\Generated_Source\PSoC5/cyfitter_cfg.c **** *   void
  97:.\Generated_Source\PSoC5/cyfitter_cfg.c **** *
  98:.\Generated_Source\PSoC5/cyfitter_cfg.c **** * Return:
  99:.\Generated_Source\PSoC5/cyfitter_cfg.c **** *   void
 100:.\Generated_Source\PSoC5/cyfitter_cfg.c **** *
 101:.\Generated_Source\PSoC5/cyfitter_cfg.c **** *******************************************************************************/
 102:.\Generated_Source\PSoC5/cyfitter_cfg.c **** CY_CFG_UNUSED
 103:.\Generated_Source\PSoC5/cyfitter_cfg.c **** static void CyClockStartupError(uint8 errorCode);
 104:.\Generated_Source\PSoC5/cyfitter_cfg.c **** CY_CFG_UNUSED
 105:.\Generated_Source\PSoC5/cyfitter_cfg.c **** static void CyClockStartupError(uint8 errorCode)
 106:.\Generated_Source\PSoC5/cyfitter_cfg.c **** {
 136              		.loc 1 106 0
 137              		.cfi_startproc
 138              		@ args = 0, pretend = 0, frame = 8
 139              		@ frame_needed = 1, uses_anonymous_args = 0
 140              		@ link register save eliminated.
 141 0000 80B4     		push	{r7}
 142              	.LCFI9:
 143              		.cfi_def_cfa_offset 4
 144              		.cfi_offset 7, -4
 145 0002 83B0     		sub	sp, sp, #12
 146              	.LCFI10:
 147              		.cfi_def_cfa_offset 16
 148 0004 00AF     		add	r7, sp, #0
 149              	.LCFI11:
 150              		.cfi_def_cfa_register 7
 151 0006 0346     		mov	r3, r0
 152 0008 FB71     		strb	r3, [r7, #7]
 153              	.L5:
 107:.\Generated_Source\PSoC5/cyfitter_cfg.c ****     /* To remove the compiler warning if errorCode not used.                */
 108:.\Generated_Source\PSoC5/cyfitter_cfg.c ****     errorCode = errorCode;
 109:.\Generated_Source\PSoC5/cyfitter_cfg.c **** 
 110:.\Generated_Source\PSoC5/cyfitter_cfg.c ****     /* `#START CyClockStartupError` */
 111:.\Generated_Source\PSoC5/cyfitter_cfg.c **** 
 112:.\Generated_Source\PSoC5/cyfitter_cfg.c ****     /* If we have a clock startup error (bad MHz crystal, PLL lock, etc.),  */
 113:.\Generated_Source\PSoC5/cyfitter_cfg.c ****     /* we will end up here to allow the customer to implement something to  */
 114:.\Generated_Source\PSoC5/cyfitter_cfg.c ****     /* deal with the clock condition.                                       */
 115:.\Generated_Source\PSoC5/cyfitter_cfg.c **** 
 116:.\Generated_Source\PSoC5/cyfitter_cfg.c ****     /* `#END` */
 117:.\Generated_Source\PSoC5/cyfitter_cfg.c **** 
 118:.\Generated_Source\PSoC5/cyfitter_cfg.c ****     /* If nothing else, stop here since the clocks have not started         */
 119:.\Generated_Source\PSoC5/cyfitter_cfg.c ****     /* correctly.                                                           */
 120:.\Generated_Source\PSoC5/cyfitter_cfg.c ****     while(1) {}
 154              		.loc 1 120 0 discriminator 1
 155 000a FEE7     		b	.L5
 156              		.cfi_endproc
 157              	.LFE3:
 158              		.size	CyClockStartupError, .-CyClockStartupError
 159              		.section	.text.ClockSetup,"ax",%progbits
 160              		.align	2
 161              		.thumb
 162              		.thumb_func
 163              		.type	ClockSetup, %function
 164              	ClockSetup:
 165              	.LFB4:
ARM GAS  C:\Users\adam\AppData\Local\Temp\ccV3fdWr.s 			page 6


 121:.\Generated_Source\PSoC5/cyfitter_cfg.c **** }
 122:.\Generated_Source\PSoC5/cyfitter_cfg.c **** #endif
 123:.\Generated_Source\PSoC5/cyfitter_cfg.c **** 
 124:.\Generated_Source\PSoC5/cyfitter_cfg.c **** /* IOPINS0_7 Address: CYREG_PRT12_DM0 Size (bytes): 8 */
 125:.\Generated_Source\PSoC5/cyfitter_cfg.c **** #define BS_IOPINS0_7_VAL ((const uint8 CYFAR *)0x48000000u)
 126:.\Generated_Source\PSoC5/cyfitter_cfg.c **** 
 127:.\Generated_Source\PSoC5/cyfitter_cfg.c **** /* IOPINS0_2 Address: CYREG_PRT2_DM0 Size (bytes): 8 */
 128:.\Generated_Source\PSoC5/cyfitter_cfg.c **** #define BS_IOPINS0_2_VAL ((const uint8 CYFAR *)0x48000008u)
 129:.\Generated_Source\PSoC5/cyfitter_cfg.c **** 
 130:.\Generated_Source\PSoC5/cyfitter_cfg.c **** 
 131:.\Generated_Source\PSoC5/cyfitter_cfg.c **** /*******************************************************************************
 132:.\Generated_Source\PSoC5/cyfitter_cfg.c **** * Function Name: ClockSetup
 133:.\Generated_Source\PSoC5/cyfitter_cfg.c **** ********************************************************************************
 134:.\Generated_Source\PSoC5/cyfitter_cfg.c **** *
 135:.\Generated_Source\PSoC5/cyfitter_cfg.c **** * Summary:
 136:.\Generated_Source\PSoC5/cyfitter_cfg.c **** *  Performs the initialization of all of the clocks in the device based on the
 137:.\Generated_Source\PSoC5/cyfitter_cfg.c **** *  settings in the Clock tab of the DWR.  This includes enabling the requested
 138:.\Generated_Source\PSoC5/cyfitter_cfg.c **** *  clocks and setting the necessary dividers to produce the desired frequency. 
 139:.\Generated_Source\PSoC5/cyfitter_cfg.c **** *
 140:.\Generated_Source\PSoC5/cyfitter_cfg.c **** * Parameters:
 141:.\Generated_Source\PSoC5/cyfitter_cfg.c **** *  void
 142:.\Generated_Source\PSoC5/cyfitter_cfg.c **** *
 143:.\Generated_Source\PSoC5/cyfitter_cfg.c **** * Return:
 144:.\Generated_Source\PSoC5/cyfitter_cfg.c **** *  void
 145:.\Generated_Source\PSoC5/cyfitter_cfg.c **** *
 146:.\Generated_Source\PSoC5/cyfitter_cfg.c **** *******************************************************************************/
 147:.\Generated_Source\PSoC5/cyfitter_cfg.c **** static void ClockSetup(void);
 148:.\Generated_Source\PSoC5/cyfitter_cfg.c **** static void ClockSetup(void)
 149:.\Generated_Source\PSoC5/cyfitter_cfg.c **** {
 166              		.loc 1 149 0
 167              		.cfi_startproc
 168              		@ args = 0, pretend = 0, frame = 8
 169              		@ frame_needed = 1, uses_anonymous_args = 0
 170 0000 80B5     		push	{r7, lr}
 171              	.LCFI12:
 172              		.cfi_def_cfa_offset 8
 173              		.cfi_offset 7, -8
 174              		.cfi_offset 14, -4
 175 0002 82B0     		sub	sp, sp, #8
 176              	.LCFI13:
 177              		.cfi_def_cfa_offset 16
 178 0004 00AF     		add	r7, sp, #0
 179              	.LCFI14:
 180              		.cfi_def_cfa_register 7
 150:.\Generated_Source\PSoC5/cyfitter_cfg.c **** 	uint32 timeout;
 151:.\Generated_Source\PSoC5/cyfitter_cfg.c **** 	uint8 pllLock;
 152:.\Generated_Source\PSoC5/cyfitter_cfg.c **** 
 153:.\Generated_Source\PSoC5/cyfitter_cfg.c **** 
 154:.\Generated_Source\PSoC5/cyfitter_cfg.c **** 	/* Configure ILO based on settings from Clock DWR */
 155:.\Generated_Source\PSoC5/cyfitter_cfg.c **** 	CY_SET_XTND_REG8((void CYFAR *)(CYREG_SLOWCLK_ILO_CR0), 0x02u);
 181              		.loc 1 155 0
 182 0006 4FF48643 		mov	r3, #17152
 183 000a C4F20003 		movt	r3, 16384
 184 000e 4FF00202 		mov	r2, #2
 185 0012 1A70     		strb	r2, [r3, #0]
 156:.\Generated_Source\PSoC5/cyfitter_cfg.c **** 	CY_SET_XTND_REG8((void CYFAR *)(CYREG_CLKDIST_CR), 0x08u);
 186              		.loc 1 156 0
ARM GAS  C:\Users\adam\AppData\Local\Temp\ccV3fdWr.s 			page 7


 187 0014 4FF04023 		mov	r3, #1073758208
 188 0018 4FF00802 		mov	r2, #8
 189 001c 1A70     		strb	r2, [r3, #0]
 157:.\Generated_Source\PSoC5/cyfitter_cfg.c **** 
 158:.\Generated_Source\PSoC5/cyfitter_cfg.c **** 	/* Configure IMO based on settings from Clock DWR */
 159:.\Generated_Source\PSoC5/cyfitter_cfg.c **** 	CY_SET_XTND_REG8((void CYFAR *)(CYREG_FASTCLK_IMO_CR), 0x03u);
 190              		.loc 1 159 0
 191 001e 4FF48443 		mov	r3, #16896
 192 0022 C4F20003 		movt	r3, 16384
 193 0026 4FF00302 		mov	r2, #3
 194 002a 1A70     		strb	r2, [r3, #0]
 160:.\Generated_Source\PSoC5/cyfitter_cfg.c **** 	CY_SET_XTND_REG8((void CYFAR *)(CYREG_IMO_TR1), (CY_GET_XTND_REG8((void CYFAR *)CYREG_FLSHID_CUST_
 195              		.loc 1 160 0
 196 002c 44F2A163 		movw	r3, #18081
 197 0030 C4F20003 		movt	r3, 16384
 198 0034 4FF48472 		mov	r2, #264
 199 0038 C4F60012 		movt	r2, 18688
 200 003c 1278     		ldrb	r2, [r2, #0]
 201 003e D2B2     		uxtb	r2, r2
 202 0040 1A70     		strb	r2, [r3, #0]
 161:.\Generated_Source\PSoC5/cyfitter_cfg.c **** 
 162:.\Generated_Source\PSoC5/cyfitter_cfg.c **** 	/* Configure PLL based on settings from Clock DWR */
 163:.\Generated_Source\PSoC5/cyfitter_cfg.c **** 	CY_SET_XTND_REG16((void CYFAR *)(CYREG_FASTCLK_PLL_P), 0x0008u);
 203              		.loc 1 163 0
 204 0042 44F22223 		movw	r3, #16930
 205 0046 C4F20003 		movt	r3, 16384
 206 004a 4FF00802 		mov	r2, #8
 207 004e 1A80     		strh	r2, [r3, #0]	@ movhi
 164:.\Generated_Source\PSoC5/cyfitter_cfg.c **** 	CY_SET_XTND_REG16((void CYFAR *)(CYREG_FASTCLK_PLL_CFG0), 0x1251u);
 208              		.loc 1 164 0
 209 0050 44F22023 		movw	r3, #16928
 210 0054 C4F20003 		movt	r3, 16384
 211 0058 41F25122 		movw	r2, #4689
 212 005c 1A80     		strh	r2, [r3, #0]	@ movhi
 165:.\Generated_Source\PSoC5/cyfitter_cfg.c **** 	/* Wait up to 250us for the PLL to lock */
 166:.\Generated_Source\PSoC5/cyfitter_cfg.c **** 	pllLock = 0u;
 213              		.loc 1 166 0
 214 005e 4FF00003 		mov	r3, #0
 215 0062 FB70     		strb	r3, [r7, #3]
 167:.\Generated_Source\PSoC5/cyfitter_cfg.c **** 	for (timeout = 250u / 10u; (timeout > 0u) && (pllLock != 0x03u); timeout--)
 216              		.loc 1 167 0
 217 0064 4FF01903 		mov	r3, #25
 218 0068 7B60     		str	r3, [r7, #4]
 219 006a 19E0     		b	.L7
 220              	.L9:
 168:.\Generated_Source\PSoC5/cyfitter_cfg.c **** 	{ 
 169:.\Generated_Source\PSoC5/cyfitter_cfg.c **** 		pllLock = 0x03u & ((uint8)((uint8)pllLock << 1) | ((CY_GET_XTND_REG8((void CYFAR *)CYREG_FASTCLK_
 221              		.loc 1 169 0 discriminator 1
 222 006c FB78     		ldrb	r3, [r7, #3]
 223 006e 4FEA4303 		lsl	r3, r3, #1
 224 0072 DAB2     		uxtb	r2, r3
 225 0074 44F22523 		movw	r3, #16933
 226 0078 C4F20003 		movt	r3, 16384
 227 007c 1B78     		ldrb	r3, [r3, #0]
 228 007e DBB2     		uxtb	r3, r3
 229 0080 03F00103 		and	r3, r3, #1
 230 0084 DBB2     		uxtb	r3, r3
ARM GAS  C:\Users\adam\AppData\Local\Temp\ccV3fdWr.s 			page 8


 231 0086 1343     		orrs	r3, r3, r2
 232 0088 DBB2     		uxtb	r3, r3
 233 008a 03F00303 		and	r3, r3, #3
 234 008e FB70     		strb	r3, [r7, #3]
 170:.\Generated_Source\PSoC5/cyfitter_cfg.c **** 		CyDelayCycles(10u * 48u); /* Delay 10us based on 48MHz clock */
 235              		.loc 1 170 0 discriminator 1
 236 0090 4FF4F070 		mov	r0, #480
 237 0094 FFF7FEFF 		bl	CyDelayCycles
 167:.\Generated_Source\PSoC5/cyfitter_cfg.c **** 	for (timeout = 250u / 10u; (timeout > 0u) && (pllLock != 0x03u); timeout--)
 238              		.loc 1 167 0 discriminator 1
 239 0098 7B68     		ldr	r3, [r7, #4]
 240 009a 03F1FF33 		add	r3, r3, #-1
 241 009e 7B60     		str	r3, [r7, #4]
 242              	.L7:
 243 00a0 7B68     		ldr	r3, [r7, #4]
 244 00a2 002B     		cmp	r3, #0
 245 00a4 02D0     		beq	.L8
 167:.\Generated_Source\PSoC5/cyfitter_cfg.c **** 	for (timeout = 250u / 10u; (timeout > 0u) && (pllLock != 0x03u); timeout--)
 246              		.loc 1 167 0 is_stmt 0 discriminator 2
 247 00a6 FB78     		ldrb	r3, [r7, #3]	@ zero_extendqisi2
 248 00a8 032B     		cmp	r3, #3
 249 00aa DFD1     		bne	.L9
 250              	.L8:
 171:.\Generated_Source\PSoC5/cyfitter_cfg.c **** 	}
 172:.\Generated_Source\PSoC5/cyfitter_cfg.c **** 	/* If we ran out of time the PLL didn't lock so go to the error function */
 173:.\Generated_Source\PSoC5/cyfitter_cfg.c **** 	if (timeout == 0u)
 251              		.loc 1 173 0 is_stmt 1
 252 00ac 7B68     		ldr	r3, [r7, #4]
 253 00ae 002B     		cmp	r3, #0
 254 00b0 03D1     		bne	.L10
 174:.\Generated_Source\PSoC5/cyfitter_cfg.c **** 	{
 175:.\Generated_Source\PSoC5/cyfitter_cfg.c **** 		CyClockStartupError(CYCLOCKSTART_PLL_ERROR);
 255              		.loc 1 175 0
 256 00b2 4FF00300 		mov	r0, #3
 257 00b6 FFF7FEFF 		bl	CyClockStartupError
 258              	.L10:
 176:.\Generated_Source\PSoC5/cyfitter_cfg.c **** 	}
 177:.\Generated_Source\PSoC5/cyfitter_cfg.c **** 
 178:.\Generated_Source\PSoC5/cyfitter_cfg.c **** 	/* Configure Bus/Master Clock based on settings from Clock DWR */
 179:.\Generated_Source\PSoC5/cyfitter_cfg.c **** 	CY_SET_XTND_REG16((void CYFAR *)(CYREG_CLKDIST_MSTR0), 0x0100u);
 259              		.loc 1 179 0
 260 00ba 44F20403 		movw	r3, #16388
 261 00be C4F20003 		movt	r3, 16384
 262 00c2 4FF48072 		mov	r2, #256
 263 00c6 1A80     		strh	r2, [r3, #0]	@ movhi
 180:.\Generated_Source\PSoC5/cyfitter_cfg.c **** 	CY_SET_XTND_REG8((void CYFAR *)(CYREG_CLKDIST_MSTR0), 0x07u);
 264              		.loc 1 180 0
 265 00c8 44F20403 		movw	r3, #16388
 266 00cc C4F20003 		movt	r3, 16384
 267 00d0 4FF00702 		mov	r2, #7
 268 00d4 1A70     		strb	r2, [r3, #0]
 181:.\Generated_Source\PSoC5/cyfitter_cfg.c **** 	CY_SET_XTND_REG8((void CYFAR *)(CYREG_CLKDIST_BCFG0), 0x00u);
 269              		.loc 1 181 0
 270 00d6 44F20603 		movw	r3, #16390
 271 00da C4F20003 		movt	r3, 16384
 272 00de 4FF00002 		mov	r2, #0
 273 00e2 1A70     		strb	r2, [r3, #0]
ARM GAS  C:\Users\adam\AppData\Local\Temp\ccV3fdWr.s 			page 9


 182:.\Generated_Source\PSoC5/cyfitter_cfg.c **** 	CY_SET_XTND_REG8((void CYFAR *)(CYREG_CLKDIST_BCFG2), 0x48u);
 274              		.loc 1 182 0
 275 00e4 44F20803 		movw	r3, #16392
 276 00e8 C4F20003 		movt	r3, 16384
 277 00ec 4FF04802 		mov	r2, #72
 278 00f0 1A70     		strb	r2, [r3, #0]
 183:.\Generated_Source\PSoC5/cyfitter_cfg.c **** 	CY_SET_XTND_REG8((void CYFAR *)(CYREG_CLKDIST_MSTR0), 0x00u);
 279              		.loc 1 183 0
 280 00f2 44F20403 		movw	r3, #16388
 281 00f6 C4F20003 		movt	r3, 16384
 282 00fa 4FF00002 		mov	r2, #0
 283 00fe 1A70     		strb	r2, [r3, #0]
 184:.\Generated_Source\PSoC5/cyfitter_cfg.c **** 	CY_SET_XTND_REG8((void CYFAR *)(CYREG_CLKDIST_LD), 0x02u);
 284              		.loc 1 184 0
 285 0100 44F20103 		movw	r3, #16385
 286 0104 C4F20003 		movt	r3, 16384
 287 0108 4FF00202 		mov	r2, #2
 288 010c 1A70     		strb	r2, [r3, #0]
 185:.\Generated_Source\PSoC5/cyfitter_cfg.c **** }
 289              		.loc 1 185 0
 290 010e 07F10807 		add	r7, r7, #8
 291 0112 BD46     		mov	sp, r7
 292 0114 80BD     		pop	{r7, pc}
 293              		.cfi_endproc
 294              	.LFE4:
 295              		.size	ClockSetup, .-ClockSetup
 296 0116 00BF     		.section	.text.AnalogSetDefault,"ax",%progbits
 297              		.align	2
 298              		.thumb
 299              		.thumb_func
 300              		.type	AnalogSetDefault, %function
 301              	AnalogSetDefault:
 302              	.LFB5:
 186:.\Generated_Source\PSoC5/cyfitter_cfg.c **** 
 187:.\Generated_Source\PSoC5/cyfitter_cfg.c **** 
 188:.\Generated_Source\PSoC5/cyfitter_cfg.c **** /* Analog API Functions */
 189:.\Generated_Source\PSoC5/cyfitter_cfg.c **** 
 190:.\Generated_Source\PSoC5/cyfitter_cfg.c **** 
 191:.\Generated_Source\PSoC5/cyfitter_cfg.c **** /*******************************************************************************
 192:.\Generated_Source\PSoC5/cyfitter_cfg.c **** * Function Name: AnalogSetDefault
 193:.\Generated_Source\PSoC5/cyfitter_cfg.c **** ********************************************************************************
 194:.\Generated_Source\PSoC5/cyfitter_cfg.c **** *
 195:.\Generated_Source\PSoC5/cyfitter_cfg.c **** * Summary:
 196:.\Generated_Source\PSoC5/cyfitter_cfg.c **** *  Sets up the analog portions of the chip to default values based on chip
 197:.\Generated_Source\PSoC5/cyfitter_cfg.c **** *  configuration options from the project.
 198:.\Generated_Source\PSoC5/cyfitter_cfg.c **** *
 199:.\Generated_Source\PSoC5/cyfitter_cfg.c **** * Parameters:
 200:.\Generated_Source\PSoC5/cyfitter_cfg.c **** *  void
 201:.\Generated_Source\PSoC5/cyfitter_cfg.c **** *
 202:.\Generated_Source\PSoC5/cyfitter_cfg.c **** * Return:
 203:.\Generated_Source\PSoC5/cyfitter_cfg.c **** *  void
 204:.\Generated_Source\PSoC5/cyfitter_cfg.c **** *
 205:.\Generated_Source\PSoC5/cyfitter_cfg.c **** *******************************************************************************/
 206:.\Generated_Source\PSoC5/cyfitter_cfg.c **** static void AnalogSetDefault(void);
 207:.\Generated_Source\PSoC5/cyfitter_cfg.c **** static void AnalogSetDefault(void)
 208:.\Generated_Source\PSoC5/cyfitter_cfg.c **** {
 303              		.loc 1 208 0
ARM GAS  C:\Users\adam\AppData\Local\Temp\ccV3fdWr.s 			page 10


 304              		.cfi_startproc
 305              		@ args = 0, pretend = 0, frame = 8
 306              		@ frame_needed = 1, uses_anonymous_args = 0
 307              		@ link register save eliminated.
 308 0000 80B4     		push	{r7}
 309              	.LCFI15:
 310              		.cfi_def_cfa_offset 4
 311              		.cfi_offset 7, -4
 312 0002 83B0     		sub	sp, sp, #12
 313              	.LCFI16:
 314              		.cfi_def_cfa_offset 16
 315 0004 00AF     		add	r7, sp, #0
 316              	.LCFI17:
 317              		.cfi_def_cfa_register 7
 209:.\Generated_Source\PSoC5/cyfitter_cfg.c **** 	uint8 bg_xover_inl_trim = CY_GET_XTND_REG8((void CYFAR *)(CYREG_FLSHID_MFG_CFG_BG_XOVER_INL_TRIM +
 318              		.loc 1 209 0
 319 0006 40F2CF13 		movw	r3, #463
 320 000a C4F60013 		movt	r3, 18688
 321 000e 1B78     		ldrb	r3, [r3, #0]
 322 0010 FB71     		strb	r3, [r7, #7]
 210:.\Generated_Source\PSoC5/cyfitter_cfg.c **** 	CY_SET_XTND_REG8((void CYFAR *)(CYREG_BG_DFT0), (bg_xover_inl_trim & 0x07u));
 323              		.loc 1 210 0
 324 0012 45F66E03 		movw	r3, #22638
 325 0016 C4F20003 		movt	r3, 16384
 326 001a FA79     		ldrb	r2, [r7, #7]
 327 001c 02F00702 		and	r2, r2, #7
 328 0020 D2B2     		uxtb	r2, r2
 329 0022 1A70     		strb	r2, [r3, #0]
 211:.\Generated_Source\PSoC5/cyfitter_cfg.c **** 	CY_SET_XTND_REG8((void CYFAR *)(CYREG_BG_DFT1), ((bg_xover_inl_trim >> 4) & 0x0Fu));
 330              		.loc 1 211 0
 331 0024 45F66F03 		movw	r3, #22639
 332 0028 C4F20003 		movt	r3, 16384
 333 002c FA79     		ldrb	r2, [r7, #7]	@ zero_extendqisi2
 334 002e 4FEA1212 		lsr	r2, r2, #4
 335 0032 D2B2     		uxtb	r2, r2
 336 0034 1A70     		strb	r2, [r3, #0]
 212:.\Generated_Source\PSoC5/cyfitter_cfg.c **** 	CY_SET_XTND_REG8((void CYFAR *)CYREG_PUMP_CR0, 0x44u);
 337              		.loc 1 212 0
 338 0036 45F67603 		movw	r3, #22646
 339 003a C4F20003 		movt	r3, 16384
 340 003e 4FF04402 		mov	r2, #68
 341 0042 1A70     		strb	r2, [r3, #0]
 213:.\Generated_Source\PSoC5/cyfitter_cfg.c **** }
 342              		.loc 1 213 0
 343 0044 07F10C07 		add	r7, r7, #12
 344 0048 BD46     		mov	sp, r7
 345 004a 80BC     		pop	{r7}
 346 004c 7047     		bx	lr
 347              		.cfi_endproc
 348              	.LFE5:
 349              		.size	AnalogSetDefault, .-AnalogSetDefault
 350 004e 00BF     		.section	.text.SetAnalogRoutingPumps,"ax",%progbits
 351              		.align	2
 352              		.global	SetAnalogRoutingPumps
 353              		.thumb
 354              		.thumb_func
 355              		.type	SetAnalogRoutingPumps, %function
ARM GAS  C:\Users\adam\AppData\Local\Temp\ccV3fdWr.s 			page 11


 356              	SetAnalogRoutingPumps:
 357              	.LFB6:
 214:.\Generated_Source\PSoC5/cyfitter_cfg.c **** 
 215:.\Generated_Source\PSoC5/cyfitter_cfg.c **** 
 216:.\Generated_Source\PSoC5/cyfitter_cfg.c **** /*******************************************************************************
 217:.\Generated_Source\PSoC5/cyfitter_cfg.c **** * Function Name: SetAnalogRoutingPumps
 218:.\Generated_Source\PSoC5/cyfitter_cfg.c **** ********************************************************************************
 219:.\Generated_Source\PSoC5/cyfitter_cfg.c **** *
 220:.\Generated_Source\PSoC5/cyfitter_cfg.c **** * Summary:
 221:.\Generated_Source\PSoC5/cyfitter_cfg.c **** * Enables or disables the analog pumps feeding analog routing switches.
 222:.\Generated_Source\PSoC5/cyfitter_cfg.c **** * Intended to be called at startup, based on the Vdda system configuration;
 223:.\Generated_Source\PSoC5/cyfitter_cfg.c **** * may be called during operation when the user informs us that the Vdda voltage
 224:.\Generated_Source\PSoC5/cyfitter_cfg.c **** * crossed the pump threshold.
 225:.\Generated_Source\PSoC5/cyfitter_cfg.c **** *
 226:.\Generated_Source\PSoC5/cyfitter_cfg.c **** * Parameters:
 227:.\Generated_Source\PSoC5/cyfitter_cfg.c **** *  enabled - 1 to enable the pumps, 0 to disable the pumps
 228:.\Generated_Source\PSoC5/cyfitter_cfg.c **** *
 229:.\Generated_Source\PSoC5/cyfitter_cfg.c **** * Return:
 230:.\Generated_Source\PSoC5/cyfitter_cfg.c **** *  void
 231:.\Generated_Source\PSoC5/cyfitter_cfg.c **** *
 232:.\Generated_Source\PSoC5/cyfitter_cfg.c **** *******************************************************************************/
 233:.\Generated_Source\PSoC5/cyfitter_cfg.c **** void SetAnalogRoutingPumps(uint8 enabled)
 234:.\Generated_Source\PSoC5/cyfitter_cfg.c **** {
 358              		.loc 1 234 0
 359              		.cfi_startproc
 360              		@ args = 0, pretend = 0, frame = 16
 361              		@ frame_needed = 1, uses_anonymous_args = 0
 362              		@ link register save eliminated.
 363 0000 80B4     		push	{r7}
 364              	.LCFI18:
 365              		.cfi_def_cfa_offset 4
 366              		.cfi_offset 7, -4
 367 0002 85B0     		sub	sp, sp, #20
 368              	.LCFI19:
 369              		.cfi_def_cfa_offset 24
 370 0004 00AF     		add	r7, sp, #0
 371              	.LCFI20:
 372              		.cfi_def_cfa_register 7
 373 0006 0346     		mov	r3, r0
 374 0008 FB71     		strb	r3, [r7, #7]
 235:.\Generated_Source\PSoC5/cyfitter_cfg.c **** 	uint8 regValue = CY_GET_XTND_REG8((void CYFAR *)CYREG_PUMP_CR0);
 375              		.loc 1 235 0
 376 000a 45F67603 		movw	r3, #22646
 377 000e C4F20003 		movt	r3, 16384
 378 0012 1B78     		ldrb	r3, [r3, #0]
 379 0014 FB73     		strb	r3, [r7, #15]
 236:.\Generated_Source\PSoC5/cyfitter_cfg.c **** 	if (enabled != 0u)
 380              		.loc 1 236 0
 381 0016 FB79     		ldrb	r3, [r7, #7]	@ zero_extendqisi2
 382 0018 002B     		cmp	r3, #0
 237:.\Generated_Source\PSoC5/cyfitter_cfg.c **** 	{
 238:.\Generated_Source\PSoC5/cyfitter_cfg.c **** 		regValue |= 0x00u;
 383              		.loc 1 238 0
 384 001a 00BF     		nop
 239:.\Generated_Source\PSoC5/cyfitter_cfg.c **** 	}
 240:.\Generated_Source\PSoC5/cyfitter_cfg.c **** 	else
 241:.\Generated_Source\PSoC5/cyfitter_cfg.c **** 	{
ARM GAS  C:\Users\adam\AppData\Local\Temp\ccV3fdWr.s 			page 12


 242:.\Generated_Source\PSoC5/cyfitter_cfg.c **** 		regValue &= (uint8)~0x00u;
 243:.\Generated_Source\PSoC5/cyfitter_cfg.c **** 	}
 244:.\Generated_Source\PSoC5/cyfitter_cfg.c **** 	CY_SET_XTND_REG8((void CYFAR *)CYREG_PUMP_CR0, regValue);
 385              		.loc 1 244 0
 386 001c 45F67603 		movw	r3, #22646
 387 0020 C4F20003 		movt	r3, 16384
 388 0024 FA7B     		ldrb	r2, [r7, #15]
 389 0026 1A70     		strb	r2, [r3, #0]
 245:.\Generated_Source\PSoC5/cyfitter_cfg.c **** }
 390              		.loc 1 245 0
 391 0028 07F11407 		add	r7, r7, #20
 392 002c BD46     		mov	sp, r7
 393 002e 80BC     		pop	{r7}
 394 0030 7047     		bx	lr
 395              		.cfi_endproc
 396              	.LFE6:
 397              		.size	SetAnalogRoutingPumps, .-SetAnalogRoutingPumps
 398 0032 00BF     		.section	.text.cyfitter_cfg,"ax",%progbits
 399              		.align	2
 400              		.global	cyfitter_cfg
 401              		.thumb
 402              		.thumb_func
 403              		.type	cyfitter_cfg, %function
 404              	cyfitter_cfg:
 405              	.LFB7:
 246:.\Generated_Source\PSoC5/cyfitter_cfg.c **** 
 247:.\Generated_Source\PSoC5/cyfitter_cfg.c **** #define CY_AMUX_UNUSED CYREG_BOOST_SR
 248:.\Generated_Source\PSoC5/cyfitter_cfg.c **** 
 249:.\Generated_Source\PSoC5/cyfitter_cfg.c **** 
 250:.\Generated_Source\PSoC5/cyfitter_cfg.c **** /*******************************************************************************
 251:.\Generated_Source\PSoC5/cyfitter_cfg.c **** * Function Name: cyfitter_cfg
 252:.\Generated_Source\PSoC5/cyfitter_cfg.c **** ********************************************************************************
 253:.\Generated_Source\PSoC5/cyfitter_cfg.c **** * Summary:
 254:.\Generated_Source\PSoC5/cyfitter_cfg.c **** *  This function is called by the start-up code for the selected device. It
 255:.\Generated_Source\PSoC5/cyfitter_cfg.c **** *  performs all of the necessary device configuration based on the design
 256:.\Generated_Source\PSoC5/cyfitter_cfg.c **** *  settings.  This includes settings from the Design Wide Resources (DWR) such
 257:.\Generated_Source\PSoC5/cyfitter_cfg.c **** *  as Clocks and Pins as well as any component configuration that is necessary.
 258:.\Generated_Source\PSoC5/cyfitter_cfg.c **** *
 259:.\Generated_Source\PSoC5/cyfitter_cfg.c **** * Parameters:  
 260:.\Generated_Source\PSoC5/cyfitter_cfg.c **** *   void
 261:.\Generated_Source\PSoC5/cyfitter_cfg.c **** *
 262:.\Generated_Source\PSoC5/cyfitter_cfg.c **** * Return:
 263:.\Generated_Source\PSoC5/cyfitter_cfg.c **** *   void
 264:.\Generated_Source\PSoC5/cyfitter_cfg.c **** *
 265:.\Generated_Source\PSoC5/cyfitter_cfg.c **** *******************************************************************************/
 266:.\Generated_Source\PSoC5/cyfitter_cfg.c **** 
 267:.\Generated_Source\PSoC5/cyfitter_cfg.c **** void cyfitter_cfg(void)
 268:.\Generated_Source\PSoC5/cyfitter_cfg.c **** {
 406              		.loc 1 268 0
 407              		.cfi_startproc
 408              		@ args = 0, pretend = 0, frame = 8
 409              		@ frame_needed = 1, uses_anonymous_args = 0
 410 0000 80B5     		push	{r7, lr}
 411              	.LCFI21:
 412              		.cfi_def_cfa_offset 8
 413              		.cfi_offset 7, -8
 414              		.cfi_offset 14, -4
ARM GAS  C:\Users\adam\AppData\Local\Temp\ccV3fdWr.s 			page 13


 415 0002 82B0     		sub	sp, sp, #8
 416              	.LCFI22:
 417              		.cfi_def_cfa_offset 16
 418 0004 00AF     		add	r7, sp, #0
 419              	.LCFI23:
 420              		.cfi_def_cfa_register 7
 269:.\Generated_Source\PSoC5/cyfitter_cfg.c **** #ifdef CYGlobalIntDisable
 270:.\Generated_Source\PSoC5/cyfitter_cfg.c **** 	/* Disable interrupts by default. Let user enable if/when they want. */
 271:.\Generated_Source\PSoC5/cyfitter_cfg.c **** 	CYGlobalIntDisable
 421              		.loc 1 271 0
 422              	@ 271 ".\Generated_Source\PSoC5\cyfitter_cfg.c" 1
 423 0006 72B6     		CPSID   i
 424              	@ 0 "" 2
 272:.\Generated_Source\PSoC5/cyfitter_cfg.c **** #endif
 273:.\Generated_Source\PSoC5/cyfitter_cfg.c **** 
 274:.\Generated_Source\PSoC5/cyfitter_cfg.c **** 	/* Enable/Disable Debug functionality based on settings from System DWR */
 275:.\Generated_Source\PSoC5/cyfitter_cfg.c **** 	CY_SET_XTND_REG8((void CYFAR *)CYREG_MLOGIC_DEBUG, (CY_GET_XTND_REG8((void CYFAR *)CYREG_MLOGIC_DE
 425              		.loc 1 275 0
 426              		.thumb
 427 0008 44F2E863 		movw	r3, #18152
 428 000c C4F20003 		movt	r3, 16384
 429 0010 44F2E862 		movw	r2, #18152
 430 0014 C4F20002 		movt	r2, 16384
 431 0018 1278     		ldrb	r2, [r2, #0]
 432 001a D2B2     		uxtb	r2, r2
 433 001c 42F00402 		orr	r2, r2, #4
 434 0020 D2B2     		uxtb	r2, r2
 435 0022 1A70     		strb	r2, [r3, #0]
 436              	.LBB2:
 276:.\Generated_Source\PSoC5/cyfitter_cfg.c **** 
 277:.\Generated_Source\PSoC5/cyfitter_cfg.c **** 	{
 278:.\Generated_Source\PSoC5/cyfitter_cfg.c **** 
 279:.\Generated_Source\PSoC5/cyfitter_cfg.c **** 		CYPACKED typedef struct {
 280:.\Generated_Source\PSoC5/cyfitter_cfg.c **** 			void CYFAR *address;
 281:.\Generated_Source\PSoC5/cyfitter_cfg.c **** 			uint16 size;
 282:.\Generated_Source\PSoC5/cyfitter_cfg.c **** 		} CYPACKED_ATTR cfg_memset_t;
 283:.\Generated_Source\PSoC5/cyfitter_cfg.c **** 
 284:.\Generated_Source\PSoC5/cyfitter_cfg.c **** 		static const cfg_memset_t CYCODE cfg_memset_list [] = {
 285:.\Generated_Source\PSoC5/cyfitter_cfg.c **** 			/* address, size */
 286:.\Generated_Source\PSoC5/cyfitter_cfg.c **** 			{(void CYFAR *)(CYREG_PRT0_DR), 32u},
 287:.\Generated_Source\PSoC5/cyfitter_cfg.c **** 			{(void CYFAR *)(CYREG_PRT3_DR), 64u},
 288:.\Generated_Source\PSoC5/cyfitter_cfg.c **** 			{(void CYFAR *)(CYREG_PRT15_DR), 16u},
 289:.\Generated_Source\PSoC5/cyfitter_cfg.c **** 			{(void CYFAR *)(CYDEV_UCFG_B0_P0_U0_BASE), 4096u},
 290:.\Generated_Source\PSoC5/cyfitter_cfg.c **** 			{(void CYFAR *)(CYDEV_UCFG_B1_P2_U0_BASE), 2048u},
 291:.\Generated_Source\PSoC5/cyfitter_cfg.c **** 			{(void CYFAR *)(CYDEV_UCFG_DSI0_BASE), 2560u},
 292:.\Generated_Source\PSoC5/cyfitter_cfg.c **** 			{(void CYFAR *)(CYDEV_UCFG_DSI12_BASE), 512u},
 293:.\Generated_Source\PSoC5/cyfitter_cfg.c **** 			{(void CYFAR *)(CYREG_BCTL0_MDCLK_EN), 32u},
 294:.\Generated_Source\PSoC5/cyfitter_cfg.c **** 		};
 295:.\Generated_Source\PSoC5/cyfitter_cfg.c **** 
 296:.\Generated_Source\PSoC5/cyfitter_cfg.c **** 		uint8 CYDATA i;
 297:.\Generated_Source\PSoC5/cyfitter_cfg.c **** 
 298:.\Generated_Source\PSoC5/cyfitter_cfg.c **** 		/* Zero out critical memory blocks before beginning configuration */
 299:.\Generated_Source\PSoC5/cyfitter_cfg.c **** 		for (i = 0u; i < (sizeof(cfg_memset_list)/sizeof(cfg_memset_list[0])); i++)
 437              		.loc 1 299 0
 438 0024 4FF00003 		mov	r3, #0
 439 0028 FB71     		strb	r3, [r7, #7]
 440 002a 19E0     		b	.L16
ARM GAS  C:\Users\adam\AppData\Local\Temp\ccV3fdWr.s 			page 14


 441              	.L17:
 442              	.LBB3:
 300:.\Generated_Source\PSoC5/cyfitter_cfg.c **** 		{
 301:.\Generated_Source\PSoC5/cyfitter_cfg.c **** 			const cfg_memset_t CYCODE * CYDATA ms = &cfg_memset_list[i];
 443              		.loc 1 301 0 discriminator 2
 444 002c FA79     		ldrb	r2, [r7, #7]	@ zero_extendqisi2
 445 002e 1346     		mov	r3, r2
 446 0030 4FEA4303 		lsl	r3, r3, #1
 447 0034 9B18     		adds	r3, r3, r2
 448 0036 4FEA4303 		lsl	r3, r3, #1
 449 003a 40F20002 		movw	r2, #:lower16:cfg_memset_list.4787
 450 003e C0F20002 		movt	r2, #:upper16:cfg_memset_list.4787
 451 0042 9B18     		adds	r3, r3, r2
 452 0044 3B60     		str	r3, [r7, #0]
 302:.\Generated_Source\PSoC5/cyfitter_cfg.c **** 			CYMEMZERO(ms->address, (uint32)(ms->size));
 453              		.loc 1 302 0 discriminator 2
 454 0046 3B68     		ldr	r3, [r7, #0]
 455 0048 1A68     		ldr	r2, [r3, #0]	@ unaligned
 456 004a 3B68     		ldr	r3, [r7, #0]
 457 004c 9B88     		ldrh	r3, [r3, #4]	@ unaligned
 458 004e 9BB2     		uxth	r3, r3
 459 0050 1046     		mov	r0, r2
 460 0052 1946     		mov	r1, r3
 461 0054 FFF7FEFF 		bl	CYMEMZERO
 462              	.LBE3:
 299:.\Generated_Source\PSoC5/cyfitter_cfg.c **** 		for (i = 0u; i < (sizeof(cfg_memset_list)/sizeof(cfg_memset_list[0])); i++)
 463              		.loc 1 299 0 discriminator 2
 464 0058 FB79     		ldrb	r3, [r7, #7]
 465 005a 03F10103 		add	r3, r3, #1
 466 005e FB71     		strb	r3, [r7, #7]
 467              	.L16:
 299:.\Generated_Source\PSoC5/cyfitter_cfg.c **** 		for (i = 0u; i < (sizeof(cfg_memset_list)/sizeof(cfg_memset_list[0])); i++)
 468              		.loc 1 299 0 is_stmt 0 discriminator 1
 469 0060 FB79     		ldrb	r3, [r7, #7]	@ zero_extendqisi2
 470 0062 072B     		cmp	r3, #7
 471 0064 E2D9     		bls	.L17
 303:.\Generated_Source\PSoC5/cyfitter_cfg.c **** 		}
 304:.\Generated_Source\PSoC5/cyfitter_cfg.c **** 
 305:.\Generated_Source\PSoC5/cyfitter_cfg.c **** 		/* Enable digital routing */
 306:.\Generated_Source\PSoC5/cyfitter_cfg.c **** 		CY_SET_XTND_REG8((void CYFAR *)CYREG_BCTL0_BANK_CTL, CY_GET_XTND_REG8((void CYFAR *)CYREG_BCTL0_B
 472              		.loc 1 306 0 is_stmt 1
 473 0066 45F20303 		movw	r3, #20483
 474 006a C4F20103 		movt	r3, 16385
 475 006e 45F20302 		movw	r2, #20483
 476 0072 C4F20102 		movt	r2, 16385
 477 0076 1278     		ldrb	r2, [r2, #0]
 478 0078 D2B2     		uxtb	r2, r2
 479 007a 42F00202 		orr	r2, r2, #2
 480 007e D2B2     		uxtb	r2, r2
 481 0080 1A70     		strb	r2, [r3, #0]
 307:.\Generated_Source\PSoC5/cyfitter_cfg.c **** 		CY_SET_XTND_REG8((void CYFAR *)CYREG_BCTL1_BANK_CTL, CY_GET_XTND_REG8((void CYFAR *)CYREG_BCTL1_B
 482              		.loc 1 307 0
 483 0082 45F21303 		movw	r3, #20499
 484 0086 C4F20103 		movt	r3, 16385
 485 008a 45F21302 		movw	r2, #20499
 486 008e C4F20102 		movt	r2, 16385
 487 0092 1278     		ldrb	r2, [r2, #0]
ARM GAS  C:\Users\adam\AppData\Local\Temp\ccV3fdWr.s 			page 15


 488 0094 D2B2     		uxtb	r2, r2
 489 0096 42F00202 		orr	r2, r2, #2
 490 009a D2B2     		uxtb	r2, r2
 491 009c 1A70     		strb	r2, [r3, #0]
 308:.\Generated_Source\PSoC5/cyfitter_cfg.c **** 
 309:.\Generated_Source\PSoC5/cyfitter_cfg.c **** 		/* Enable UDB array */
 310:.\Generated_Source\PSoC5/cyfitter_cfg.c **** 		CY_SET_XTND_REG8((void CYFAR *)CYREG_PM_ACT_CFG0, CY_GET_XTND_REG8((void CYFAR *)CYREG_PM_ACT_CFG
 492              		.loc 1 310 0
 493 009e 44F2A033 		movw	r3, #17312
 494 00a2 C4F20003 		movt	r3, 16384
 495 00a6 44F2A032 		movw	r2, #17312
 496 00aa C4F20002 		movt	r2, 16384
 497 00ae 1278     		ldrb	r2, [r2, #0]
 498 00b0 D2B2     		uxtb	r2, r2
 499 00b2 42F04002 		orr	r2, r2, #64
 500 00b6 D2B2     		uxtb	r2, r2
 501 00b8 1A70     		strb	r2, [r3, #0]
 311:.\Generated_Source\PSoC5/cyfitter_cfg.c **** 		CY_SET_XTND_REG8((void CYFAR *)CYREG_PM_AVAIL_CR2, CY_GET_XTND_REG8((void CYFAR *)CYREG_PM_AVAIL_
 502              		.loc 1 311 0
 503 00ba 44F2C233 		movw	r3, #17346
 504 00be C4F20003 		movt	r3, 16384
 505 00c2 44F2C232 		movw	r2, #17346
 506 00c6 C4F20002 		movt	r2, 16384
 507 00ca 1278     		ldrb	r2, [r2, #0]
 508 00cc D2B2     		uxtb	r2, r2
 509 00ce 42F01002 		orr	r2, r2, #16
 510 00d2 D2B2     		uxtb	r2, r2
 511 00d4 1A70     		strb	r2, [r3, #0]
 512              	.LBE2:
 312:.\Generated_Source\PSoC5/cyfitter_cfg.c **** 	}
 313:.\Generated_Source\PSoC5/cyfitter_cfg.c **** 
 314:.\Generated_Source\PSoC5/cyfitter_cfg.c **** 	/* Perform second pass device configuration. These items must be configured in specific order afte
 315:.\Generated_Source\PSoC5/cyfitter_cfg.c **** 	CYCONFIGCPY((void CYFAR *)(CYREG_PRT12_DM0), (const void CYFAR *)(BS_IOPINS0_7_VAL), 8u);
 513              		.loc 1 315 0
 514 00d6 45F2C210 		movw	r0, #20930
 515 00da C4F20000 		movt	r0, 16384
 516 00de 4FF09041 		mov	r1, #1207959552
 517 00e2 4FF00802 		mov	r2, #8
 518 00e6 FFF7FEFF 		bl	CYCONFIGCPY
 316:.\Generated_Source\PSoC5/cyfitter_cfg.c **** 	CYCONFIGCPY((void CYFAR *)(CYREG_PRT2_DM0), (const void CYFAR *)(BS_IOPINS0_2_VAL), 8u);
 519              		.loc 1 316 0
 520 00ea 45F22210 		movw	r0, #20770
 521 00ee C4F20000 		movt	r0, 16384
 522 00f2 4FF00801 		mov	r1, #8
 523 00f6 C4F60001 		movt	r1, 18432
 524 00fa 4FF00802 		mov	r2, #8
 525 00fe FFF7FEFF 		bl	CYCONFIGCPY
 317:.\Generated_Source\PSoC5/cyfitter_cfg.c **** 
 318:.\Generated_Source\PSoC5/cyfitter_cfg.c **** 	/* Switch Boost to the precision bandgap reference from its internal reference */
 319:.\Generated_Source\PSoC5/cyfitter_cfg.c **** 	CY_SET_REG8((void CYXDATA *)CYREG_BOOST_CR2, (CY_GET_REG8((void CYXDATA *)CYREG_BOOST_CR2) | 0x08u
 526              		.loc 1 319 0
 527 0102 44F22233 		movw	r3, #17186
 528 0106 C4F20003 		movt	r3, 16384
 529 010a 44F22232 		movw	r2, #17186
 530 010e C4F20002 		movt	r2, 16384
 531 0112 1278     		ldrb	r2, [r2, #0]
 532 0114 D2B2     		uxtb	r2, r2
ARM GAS  C:\Users\adam\AppData\Local\Temp\ccV3fdWr.s 			page 16


 533 0116 42F00802 		orr	r2, r2, #8
 534 011a D2B2     		uxtb	r2, r2
 535 011c 1A70     		strb	r2, [r3, #0]
 320:.\Generated_Source\PSoC5/cyfitter_cfg.c **** 
 321:.\Generated_Source\PSoC5/cyfitter_cfg.c **** 	/* Set Flash Cycles based on max possible frequency in case a glitch occurs during ClockSetup(). *
 322:.\Generated_Source\PSoC5/cyfitter_cfg.c **** 	CY_SET_XTND_REG8((void CYFAR *)(CYREG_CACHE_CC_CTL), (((CYDEV_INSTRUCT_CACHE_ENABLED) != 0) ? 0x01
 536              		.loc 1 322 0
 537 011e 4FF49043 		mov	r3, #18432
 538 0122 C4F20003 		movt	r3, 16384
 539 0126 4FF00102 		mov	r2, #1
 540 012a 1A70     		strb	r2, [r3, #0]
 323:.\Generated_Source\PSoC5/cyfitter_cfg.c **** 	/* Setup clocks based on selections from Clock DWR */
 324:.\Generated_Source\PSoC5/cyfitter_cfg.c **** 	ClockSetup();
 541              		.loc 1 324 0
 542 012c FFF7FEFF 		bl	ClockSetup
 325:.\Generated_Source\PSoC5/cyfitter_cfg.c **** 	/* Set Flash Cycles based on newly configured 24.00MHz Bus Clock. */
 326:.\Generated_Source\PSoC5/cyfitter_cfg.c **** 	CY_SET_XTND_REG8((void CYFAR *)(CYREG_CACHE_CC_CTL), (((CYDEV_INSTRUCT_CACHE_ENABLED) != 0) ? 0x81
 543              		.loc 1 326 0
 544 0130 4FF49043 		mov	r3, #18432
 545 0134 C4F20003 		movt	r3, 16384
 546 0138 4FF08102 		mov	r2, #129
 547 013c 1A70     		strb	r2, [r3, #0]
 327:.\Generated_Source\PSoC5/cyfitter_cfg.c **** 	CY_SET_XTND_REG8((void CYFAR *)(CYREG_PANTHER_WAITPIPE), 0x01u);
 548              		.loc 1 327 0
 549 013e 4FF00403 		mov	r3, #4
 550 0142 C4F20803 		movt	r3, 16392
 551 0146 4FF00102 		mov	r2, #1
 552 014a 1A70     		strb	r2, [r3, #0]
 328:.\Generated_Source\PSoC5/cyfitter_cfg.c **** 
 329:.\Generated_Source\PSoC5/cyfitter_cfg.c **** 	/* Perform basic analog initialization to defaults */
 330:.\Generated_Source\PSoC5/cyfitter_cfg.c **** 	AnalogSetDefault();
 553              		.loc 1 330 0
 554 014c FFF7FEFF 		bl	AnalogSetDefault
 331:.\Generated_Source\PSoC5/cyfitter_cfg.c **** 
 332:.\Generated_Source\PSoC5/cyfitter_cfg.c **** 	/* Configure alternate active mode */
 333:.\Generated_Source\PSoC5/cyfitter_cfg.c **** 	CYCONFIGCPY((void CYFAR *)CYDEV_PM_STBY_BASE, (const void CYFAR *)CYDEV_PM_ACT_BASE, 14u);
 555              		.loc 1 333 0
 556 0150 44F2B030 		movw	r0, #17328
 557 0154 C4F20000 		movt	r0, 16384
 558 0158 44F2A031 		movw	r1, #17312
 559 015c C4F20001 		movt	r1, 16384
 560 0160 4FF00E02 		mov	r2, #14
 561 0164 FFF7FEFF 		bl	CYCONFIGCPY
 334:.\Generated_Source\PSoC5/cyfitter_cfg.c **** }
 562              		.loc 1 334 0
 563 0168 07F10807 		add	r7, r7, #8
 564 016c BD46     		mov	sp, r7
 565 016e 80BD     		pop	{r7, pc}
 566              		.cfi_endproc
 567              	.LFE7:
 568              		.size	cyfitter_cfg, .-cyfitter_cfg
 569              		.section	.rodata
 570              		.align	2
 571              		.type	cfg_memset_list.4787, %object
 572              		.size	cfg_memset_list.4787, 48
 573              	cfg_memset_list.4787:
 574 0000 00510040 		.word	1073762560
ARM GAS  C:\Users\adam\AppData\Local\Temp\ccV3fdWr.s 			page 17


 575 0004 2000     		.short	32
 576 0006 30510040 		.4byte	1073762608
 577 000a 4000     		.short	64
 578 000c F0510040 		.word	1073762800
 579 0010 1000     		.short	16
 580 0012 00000140 		.4byte	1073807360
 581 0016 0010     		.short	4096
 582 0018 00140140 		.word	1073812480
 583 001c 0008     		.short	2048
 584 001e 00400140 		.4byte	1073823744
 585 0022 000A     		.short	2560
 586 0024 004C0140 		.word	1073826816
 587 0028 0002     		.short	512
 588 002a 00500140 		.4byte	1073827840
 589 002e 2000     		.short	32
 590              		.text
 591              	.Letext0:
 592              		.file 2 "c:\\program files\\cypress\\psoc creator\\3.0\\psoc creator\\import\\gnu_cs\\arm\\4.7.3\\
 593              		.file 3 "./Generated_Source/PSoC5/cytypes.h"
 594              		.section	.debug_info,"",%progbits
 595              	.Ldebug_info0:
 596 0000 FD020000 		.4byte	0x2fd
 597 0004 0200     		.2byte	0x2
 598 0006 00000000 		.4byte	.Ldebug_abbrev0
 599 000a 04       		.byte	0x4
 600 000b 01       		.uleb128 0x1
 601 000c 98010000 		.4byte	.LASF36
 602 0010 01       		.byte	0x1
 603 0011 E1010000 		.4byte	.LASF37
 604 0015 5C000000 		.4byte	.LASF38
 605 0019 00000000 		.4byte	.Ldebug_ranges0+0
 606 001d 00000000 		.4byte	0
 607 0021 00000000 		.4byte	0
 608 0025 00000000 		.4byte	.Ldebug_line0
 609 0029 02       		.uleb128 0x2
 610 002a 01       		.byte	0x1
 611 002b 06       		.byte	0x6
 612 002c 31020000 		.4byte	.LASF0
 613 0030 02       		.uleb128 0x2
 614 0031 01       		.byte	0x1
 615 0032 08       		.byte	0x8
 616 0033 FC000000 		.4byte	.LASF1
 617 0037 02       		.uleb128 0x2
 618 0038 02       		.byte	0x2
 619 0039 05       		.byte	0x5
 620 003a 8E010000 		.4byte	.LASF2
 621 003e 02       		.uleb128 0x2
 622 003f 02       		.byte	0x2
 623 0040 07       		.byte	0x7
 624 0041 49000000 		.4byte	.LASF3
 625 0045 03       		.uleb128 0x3
 626 0046 04       		.byte	0x4
 627 0047 05       		.byte	0x5
 628 0048 696E7400 		.ascii	"int\000"
 629 004c 02       		.uleb128 0x2
 630 004d 04       		.byte	0x4
 631 004e 07       		.byte	0x7
ARM GAS  C:\Users\adam\AppData\Local\Temp\ccV3fdWr.s 			page 18


 632 004f 36010000 		.4byte	.LASF4
 633 0053 02       		.uleb128 0x2
 634 0054 08       		.byte	0x8
 635 0055 05       		.byte	0x5
 636 0056 78010000 		.4byte	.LASF5
 637 005a 02       		.uleb128 0x2
 638 005b 08       		.byte	0x8
 639 005c 07       		.byte	0x7
 640 005d 4B010000 		.4byte	.LASF6
 641 0061 02       		.uleb128 0x2
 642 0062 04       		.byte	0x4
 643 0063 05       		.byte	0x5
 644 0064 11020000 		.4byte	.LASF7
 645 0068 02       		.uleb128 0x2
 646 0069 04       		.byte	0x4
 647 006a 07       		.byte	0x7
 648 006b 6F010000 		.4byte	.LASF8
 649 006f 04       		.uleb128 0x4
 650 0070 04       		.byte	0x4
 651 0071 02       		.uleb128 0x2
 652 0072 04       		.byte	0x4
 653 0073 07       		.byte	0x7
 654 0074 C4000000 		.4byte	.LASF9
 655 0078 02       		.uleb128 0x2
 656 0079 01       		.byte	0x1
 657 007a 08       		.byte	0x8
 658 007b 1A020000 		.4byte	.LASF10
 659 007f 05       		.uleb128 0x5
 660 0080 06000000 		.4byte	.LASF11
 661 0084 02       		.byte	0x2
 662 0085 D5       		.byte	0xd5
 663 0086 4C000000 		.4byte	0x4c
 664 008a 05       		.uleb128 0x5
 665 008b D6000000 		.4byte	.LASF12
 666 008f 03       		.byte	0x3
 667 0090 5B       		.byte	0x5b
 668 0091 30000000 		.4byte	0x30
 669 0095 05       		.uleb128 0x5
 670 0096 1E010000 		.4byte	.LASF13
 671 009a 03       		.byte	0x3
 672 009b 5C       		.byte	0x5c
 673 009c 3E000000 		.4byte	0x3e
 674 00a0 05       		.uleb128 0x5
 675 00a1 2F010000 		.4byte	.LASF14
 676 00a5 03       		.byte	0x3
 677 00a6 5D       		.byte	0x5d
 678 00a7 71000000 		.4byte	0x71
 679 00ab 02       		.uleb128 0x2
 680 00ac 04       		.byte	0x4
 681 00ad 04       		.byte	0x4
 682 00ae 9B000000 		.4byte	.LASF15
 683 00b2 02       		.uleb128 0x2
 684 00b3 08       		.byte	0x8
 685 00b4 04       		.byte	0x4
 686 00b5 0A010000 		.4byte	.LASF16
 687 00b9 05       		.uleb128 0x5
 688 00ba BF000000 		.4byte	.LASF17
ARM GAS  C:\Users\adam\AppData\Local\Temp\ccV3fdWr.s 			page 19


 689 00be 03       		.byte	0x3
 690 00bf F0       		.byte	0xf0
 691 00c0 C4000000 		.4byte	0xc4
 692 00c4 06       		.uleb128 0x6
 693 00c5 8A000000 		.4byte	0x8a
 694 00c9 05       		.uleb128 0x5
 695 00ca 00000000 		.4byte	.LASF18
 696 00ce 03       		.byte	0x3
 697 00cf F1       		.byte	0xf1
 698 00d0 D4000000 		.4byte	0xd4
 699 00d4 06       		.uleb128 0x6
 700 00d5 95000000 		.4byte	0x95
 701 00d9 07       		.uleb128 0x7
 702 00da DC000000 		.4byte	.LASF19
 703 00de 01       		.byte	0x1
 704 00df 3B       		.byte	0x3b
 705 00e0 01       		.byte	0x1
 706 00e1 00000000 		.4byte	.LFB0
 707 00e5 1E000000 		.4byte	.LFE0
 708 00e9 00000000 		.4byte	.LLST0
 709 00ed 01       		.byte	0x1
 710 00ee 0B010000 		.4byte	0x10b
 711 00f2 08       		.uleb128 0x8
 712 00f3 7300     		.ascii	"s\000"
 713 00f5 01       		.byte	0x1
 714 00f6 3B       		.byte	0x3b
 715 00f7 6F000000 		.4byte	0x6f
 716 00fb 02       		.byte	0x2
 717 00fc 91       		.byte	0x91
 718 00fd 74       		.sleb128 -12
 719 00fe 08       		.uleb128 0x8
 720 00ff 6E00     		.ascii	"n\000"
 721 0101 01       		.byte	0x1
 722 0102 3B       		.byte	0x3b
 723 0103 7F000000 		.4byte	0x7f
 724 0107 02       		.byte	0x2
 725 0108 91       		.byte	0x91
 726 0109 70       		.sleb128 -16
 727 010a 00       		.byte	0
 728 010b 07       		.uleb128 0x7
 729 010c 46020000 		.4byte	.LASF20
 730 0110 01       		.byte	0x1
 731 0111 42       		.byte	0x42
 732 0112 01       		.byte	0x1
 733 0113 00000000 		.4byte	.LFB1
 734 0117 1E000000 		.4byte	.LFE1
 735 011b 38000000 		.4byte	.LLST1
 736 011f 01       		.byte	0x1
 737 0120 4D010000 		.4byte	0x14d
 738 0124 09       		.uleb128 0x9
 739 0125 B5000000 		.4byte	.LASF21
 740 0129 01       		.byte	0x1
 741 012a 42       		.byte	0x42
 742 012b 6F000000 		.4byte	0x6f
 743 012f 02       		.byte	0x2
 744 0130 91       		.byte	0x91
 745 0131 74       		.sleb128 -12
ARM GAS  C:\Users\adam\AppData\Local\Temp\ccV3fdWr.s 			page 20


 746 0132 08       		.uleb128 0x8
 747 0133 73726300 		.ascii	"src\000"
 748 0137 01       		.byte	0x1
 749 0138 42       		.byte	0x42
 750 0139 4D010000 		.4byte	0x14d
 751 013d 02       		.byte	0x2
 752 013e 91       		.byte	0x91
 753 013f 70       		.sleb128 -16
 754 0140 08       		.uleb128 0x8
 755 0141 6E00     		.ascii	"n\000"
 756 0143 01       		.byte	0x1
 757 0144 42       		.byte	0x42
 758 0145 7F000000 		.4byte	0x7f
 759 0149 02       		.byte	0x2
 760 014a 91       		.byte	0x91
 761 014b 6C       		.sleb128 -20
 762 014c 00       		.byte	0
 763 014d 0A       		.uleb128 0xa
 764 014e 04       		.byte	0x4
 765 014f 53010000 		.4byte	0x153
 766 0153 0B       		.uleb128 0xb
 767 0154 07       		.uleb128 0x7
 768 0155 2E000000 		.4byte	.LASF22
 769 0159 01       		.byte	0x1
 770 015a 49       		.byte	0x49
 771 015b 01       		.byte	0x1
 772 015c 00000000 		.4byte	.LFB2
 773 0160 1E000000 		.4byte	.LFE2
 774 0164 70000000 		.4byte	.LLST2
 775 0168 01       		.byte	0x1
 776 0169 96010000 		.4byte	0x196
 777 016d 09       		.uleb128 0x9
 778 016e B5000000 		.4byte	.LASF21
 779 0172 01       		.byte	0x1
 780 0173 49       		.byte	0x49
 781 0174 6F000000 		.4byte	0x6f
 782 0178 02       		.byte	0x2
 783 0179 91       		.byte	0x91
 784 017a 74       		.sleb128 -12
 785 017b 08       		.uleb128 0x8
 786 017c 73726300 		.ascii	"src\000"
 787 0180 01       		.byte	0x1
 788 0181 49       		.byte	0x49
 789 0182 4D010000 		.4byte	0x14d
 790 0186 02       		.byte	0x2
 791 0187 91       		.byte	0x91
 792 0188 70       		.sleb128 -16
 793 0189 08       		.uleb128 0x8
 794 018a 6E00     		.ascii	"n\000"
 795 018c 01       		.byte	0x1
 796 018d 49       		.byte	0x49
 797 018e 7F000000 		.4byte	0x7f
 798 0192 02       		.byte	0x2
 799 0193 91       		.byte	0x91
 800 0194 6C       		.sleb128 -20
 801 0195 00       		.byte	0
 802 0196 0C       		.uleb128 0xc
ARM GAS  C:\Users\adam\AppData\Local\Temp\ccV3fdWr.s 			page 21


 803 0197 A1000000 		.4byte	.LASF23
 804 019b 01       		.byte	0x1
 805 019c 69       		.byte	0x69
 806 019d 01       		.byte	0x1
 807 019e 00000000 		.4byte	.LFB3
 808 01a2 0C000000 		.4byte	.LFE3
 809 01a6 A8000000 		.4byte	.LLST3
 810 01aa 01       		.byte	0x1
 811 01ab BE010000 		.4byte	0x1be
 812 01af 09       		.uleb128 0x9
 813 01b0 25010000 		.4byte	.LASF24
 814 01b4 01       		.byte	0x1
 815 01b5 69       		.byte	0x69
 816 01b6 8A000000 		.4byte	0x8a
 817 01ba 02       		.byte	0x2
 818 01bb 91       		.byte	0x91
 819 01bc 77       		.sleb128 -9
 820 01bd 00       		.byte	0
 821 01be 07       		.uleb128 0x7
 822 01bf 3E000000 		.4byte	.LASF25
 823 01c3 01       		.byte	0x1
 824 01c4 94       		.byte	0x94
 825 01c5 01       		.byte	0x1
 826 01c6 00000000 		.4byte	.LFB4
 827 01ca 16010000 		.4byte	.LFE4
 828 01ce E0000000 		.4byte	.LLST4
 829 01d2 01       		.byte	0x1
 830 01d3 F4010000 		.4byte	0x1f4
 831 01d7 0D       		.uleb128 0xd
 832 01d8 86010000 		.4byte	.LASF26
 833 01dc 01       		.byte	0x1
 834 01dd 96       		.byte	0x96
 835 01de A0000000 		.4byte	0xa0
 836 01e2 02       		.byte	0x2
 837 01e3 91       		.byte	0x91
 838 01e4 74       		.sleb128 -12
 839 01e5 0D       		.uleb128 0xd
 840 01e6 93000000 		.4byte	.LASF27
 841 01ea 01       		.byte	0x1
 842 01eb 97       		.byte	0x97
 843 01ec 8A000000 		.4byte	0x8a
 844 01f0 02       		.byte	0x2
 845 01f1 91       		.byte	0x91
 846 01f2 73       		.sleb128 -13
 847 01f3 00       		.byte	0
 848 01f4 0C       		.uleb128 0xc
 849 01f5 0D000000 		.4byte	.LASF28
 850 01f9 01       		.byte	0x1
 851 01fa CF       		.byte	0xcf
 852 01fb 01       		.byte	0x1
 853 01fc 00000000 		.4byte	.LFB5
 854 0200 4E000000 		.4byte	.LFE5
 855 0204 18010000 		.4byte	.LLST5
 856 0208 01       		.byte	0x1
 857 0209 1C020000 		.4byte	0x21c
 858 020d 0D       		.uleb128 0xd
 859 020e 1F020000 		.4byte	.LASF29
ARM GAS  C:\Users\adam\AppData\Local\Temp\ccV3fdWr.s 			page 22


 860 0212 01       		.byte	0x1
 861 0213 D1       		.byte	0xd1
 862 0214 8A000000 		.4byte	0x8a
 863 0218 02       		.byte	0x2
 864 0219 91       		.byte	0x91
 865 021a 77       		.sleb128 -9
 866 021b 00       		.byte	0
 867 021c 0E       		.uleb128 0xe
 868 021d 01       		.byte	0x1
 869 021e E6000000 		.4byte	.LASF39
 870 0222 01       		.byte	0x1
 871 0223 E9       		.byte	0xe9
 872 0224 01       		.byte	0x1
 873 0225 00000000 		.4byte	.LFB6
 874 0229 32000000 		.4byte	.LFE6
 875 022d 50010000 		.4byte	.LLST6
 876 0231 01       		.byte	0x1
 877 0232 53020000 		.4byte	0x253
 878 0236 09       		.uleb128 0x9
 879 0237 09020000 		.4byte	.LASF30
 880 023b 01       		.byte	0x1
 881 023c E9       		.byte	0xe9
 882 023d 8A000000 		.4byte	0x8a
 883 0241 02       		.byte	0x2
 884 0242 91       		.byte	0x91
 885 0243 6F       		.sleb128 -17
 886 0244 0D       		.uleb128 0xd
 887 0245 3D020000 		.4byte	.LASF31
 888 0249 01       		.byte	0x1
 889 024a EB       		.byte	0xeb
 890 024b 8A000000 		.4byte	0x8a
 891 024f 02       		.byte	0x2
 892 0250 91       		.byte	0x91
 893 0251 77       		.sleb128 -9
 894 0252 00       		.byte	0
 895 0253 0F       		.uleb128 0xf
 896 0254 01       		.byte	0x1
 897 0255 11010000 		.4byte	.LASF40
 898 0259 01       		.byte	0x1
 899 025a 0B01     		.2byte	0x10b
 900 025c 01       		.byte	0x1
 901 025d 00000000 		.4byte	.LFB7
 902 0261 70010000 		.4byte	.LFE7
 903 0265 88010000 		.4byte	.LLST7
 904 0269 01       		.byte	0x1
 905 026a 10       		.uleb128 0x10
 906 026b 24000000 		.4byte	.LBB2
 907 026f D6000000 		.4byte	.LBE2
 908 0273 11       		.uleb128 0x11
 909 0274 06       		.byte	0x6
 910 0275 01       		.byte	0x1
 911 0276 1701     		.2byte	0x117
 912 0278 9B020000 		.4byte	0x29b
 913 027c 12       		.uleb128 0x12
 914 027d 43010000 		.4byte	.LASF32
 915 0281 01       		.byte	0x1
 916 0282 1801     		.2byte	0x118
ARM GAS  C:\Users\adam\AppData\Local\Temp\ccV3fdWr.s 			page 23


 917 0284 6F000000 		.4byte	0x6f
 918 0288 02       		.byte	0x2
 919 0289 23       		.byte	0x23
 920 028a 00       		.uleb128 0
 921 028b 12       		.uleb128 0x12
 922 028c BA000000 		.4byte	.LASF33
 923 0290 01       		.byte	0x1
 924 0291 1901     		.2byte	0x119
 925 0293 95000000 		.4byte	0x95
 926 0297 02       		.byte	0x2
 927 0298 23       		.byte	0x23
 928 0299 04       		.uleb128 0x4
 929 029a 00       		.byte	0
 930 029b 13       		.uleb128 0x13
 931 029c 62010000 		.4byte	.LASF34
 932 02a0 01       		.byte	0x1
 933 02a1 1A01     		.2byte	0x11a
 934 02a3 73020000 		.4byte	0x273
 935 02a7 14       		.uleb128 0x14
 936 02a8 9B020000 		.4byte	0x29b
 937 02ac B7020000 		.4byte	0x2b7
 938 02b0 15       		.uleb128 0x15
 939 02b1 68000000 		.4byte	0x68
 940 02b5 07       		.byte	0x7
 941 02b6 00       		.byte	0
 942 02b7 16       		.uleb128 0x16
 943 02b8 1E000000 		.4byte	.LASF35
 944 02bc 01       		.byte	0x1
 945 02bd 1C01     		.2byte	0x11c
 946 02bf C9020000 		.4byte	0x2c9
 947 02c3 05       		.byte	0x5
 948 02c4 03       		.byte	0x3
 949 02c5 00000000 		.4byte	cfg_memset_list.4787
 950 02c9 17       		.uleb128 0x17
 951 02ca A7020000 		.4byte	0x2a7
 952 02ce 18       		.uleb128 0x18
 953 02cf 6900     		.ascii	"i\000"
 954 02d1 01       		.byte	0x1
 955 02d2 2801     		.2byte	0x128
 956 02d4 8A000000 		.4byte	0x8a
 957 02d8 02       		.byte	0x2
 958 02d9 91       		.byte	0x91
 959 02da 77       		.sleb128 -9
 960 02db 10       		.uleb128 0x10
 961 02dc 2C000000 		.4byte	.LBB3
 962 02e0 58000000 		.4byte	.LBE3
 963 02e4 18       		.uleb128 0x18
 964 02e5 6D7300   		.ascii	"ms\000"
 965 02e8 01       		.byte	0x1
 966 02e9 2D01     		.2byte	0x12d
 967 02eb F2020000 		.4byte	0x2f2
 968 02ef 02       		.byte	0x2
 969 02f0 91       		.byte	0x91
 970 02f1 70       		.sleb128 -16
 971 02f2 0A       		.uleb128 0xa
 972 02f3 04       		.byte	0x4
 973 02f4 F8020000 		.4byte	0x2f8
ARM GAS  C:\Users\adam\AppData\Local\Temp\ccV3fdWr.s 			page 24


 974 02f8 17       		.uleb128 0x17
 975 02f9 9B020000 		.4byte	0x29b
 976 02fd 00       		.byte	0
 977 02fe 00       		.byte	0
 978 02ff 00       		.byte	0
 979 0300 00       		.byte	0
 980              		.section	.debug_abbrev,"",%progbits
 981              	.Ldebug_abbrev0:
 982 0000 01       		.uleb128 0x1
 983 0001 11       		.uleb128 0x11
 984 0002 01       		.byte	0x1
 985 0003 25       		.uleb128 0x25
 986 0004 0E       		.uleb128 0xe
 987 0005 13       		.uleb128 0x13
 988 0006 0B       		.uleb128 0xb
 989 0007 03       		.uleb128 0x3
 990 0008 0E       		.uleb128 0xe
 991 0009 1B       		.uleb128 0x1b
 992 000a 0E       		.uleb128 0xe
 993 000b 55       		.uleb128 0x55
 994 000c 06       		.uleb128 0x6
 995 000d 11       		.uleb128 0x11
 996 000e 01       		.uleb128 0x1
 997 000f 52       		.uleb128 0x52
 998 0010 01       		.uleb128 0x1
 999 0011 10       		.uleb128 0x10
 1000 0012 06       		.uleb128 0x6
 1001 0013 00       		.byte	0
 1002 0014 00       		.byte	0
 1003 0015 02       		.uleb128 0x2
 1004 0016 24       		.uleb128 0x24
 1005 0017 00       		.byte	0
 1006 0018 0B       		.uleb128 0xb
 1007 0019 0B       		.uleb128 0xb
 1008 001a 3E       		.uleb128 0x3e
 1009 001b 0B       		.uleb128 0xb
 1010 001c 03       		.uleb128 0x3
 1011 001d 0E       		.uleb128 0xe
 1012 001e 00       		.byte	0
 1013 001f 00       		.byte	0
 1014 0020 03       		.uleb128 0x3
 1015 0021 24       		.uleb128 0x24
 1016 0022 00       		.byte	0
 1017 0023 0B       		.uleb128 0xb
 1018 0024 0B       		.uleb128 0xb
 1019 0025 3E       		.uleb128 0x3e
 1020 0026 0B       		.uleb128 0xb
 1021 0027 03       		.uleb128 0x3
 1022 0028 08       		.uleb128 0x8
 1023 0029 00       		.byte	0
 1024 002a 00       		.byte	0
 1025 002b 04       		.uleb128 0x4
 1026 002c 0F       		.uleb128 0xf
 1027 002d 00       		.byte	0
 1028 002e 0B       		.uleb128 0xb
 1029 002f 0B       		.uleb128 0xb
 1030 0030 00       		.byte	0
ARM GAS  C:\Users\adam\AppData\Local\Temp\ccV3fdWr.s 			page 25


 1031 0031 00       		.byte	0
 1032 0032 05       		.uleb128 0x5
 1033 0033 16       		.uleb128 0x16
 1034 0034 00       		.byte	0
 1035 0035 03       		.uleb128 0x3
 1036 0036 0E       		.uleb128 0xe
 1037 0037 3A       		.uleb128 0x3a
 1038 0038 0B       		.uleb128 0xb
 1039 0039 3B       		.uleb128 0x3b
 1040 003a 0B       		.uleb128 0xb
 1041 003b 49       		.uleb128 0x49
 1042 003c 13       		.uleb128 0x13
 1043 003d 00       		.byte	0
 1044 003e 00       		.byte	0
 1045 003f 06       		.uleb128 0x6
 1046 0040 35       		.uleb128 0x35
 1047 0041 00       		.byte	0
 1048 0042 49       		.uleb128 0x49
 1049 0043 13       		.uleb128 0x13
 1050 0044 00       		.byte	0
 1051 0045 00       		.byte	0
 1052 0046 07       		.uleb128 0x7
 1053 0047 2E       		.uleb128 0x2e
 1054 0048 01       		.byte	0x1
 1055 0049 03       		.uleb128 0x3
 1056 004a 0E       		.uleb128 0xe
 1057 004b 3A       		.uleb128 0x3a
 1058 004c 0B       		.uleb128 0xb
 1059 004d 3B       		.uleb128 0x3b
 1060 004e 0B       		.uleb128 0xb
 1061 004f 27       		.uleb128 0x27
 1062 0050 0C       		.uleb128 0xc
 1063 0051 11       		.uleb128 0x11
 1064 0052 01       		.uleb128 0x1
 1065 0053 12       		.uleb128 0x12
 1066 0054 01       		.uleb128 0x1
 1067 0055 40       		.uleb128 0x40
 1068 0056 06       		.uleb128 0x6
 1069 0057 9642     		.uleb128 0x2116
 1070 0059 0C       		.uleb128 0xc
 1071 005a 01       		.uleb128 0x1
 1072 005b 13       		.uleb128 0x13
 1073 005c 00       		.byte	0
 1074 005d 00       		.byte	0
 1075 005e 08       		.uleb128 0x8
 1076 005f 05       		.uleb128 0x5
 1077 0060 00       		.byte	0
 1078 0061 03       		.uleb128 0x3
 1079 0062 08       		.uleb128 0x8
 1080 0063 3A       		.uleb128 0x3a
 1081 0064 0B       		.uleb128 0xb
 1082 0065 3B       		.uleb128 0x3b
 1083 0066 0B       		.uleb128 0xb
 1084 0067 49       		.uleb128 0x49
 1085 0068 13       		.uleb128 0x13
 1086 0069 02       		.uleb128 0x2
 1087 006a 0A       		.uleb128 0xa
ARM GAS  C:\Users\adam\AppData\Local\Temp\ccV3fdWr.s 			page 26


 1088 006b 00       		.byte	0
 1089 006c 00       		.byte	0
 1090 006d 09       		.uleb128 0x9
 1091 006e 05       		.uleb128 0x5
 1092 006f 00       		.byte	0
 1093 0070 03       		.uleb128 0x3
 1094 0071 0E       		.uleb128 0xe
 1095 0072 3A       		.uleb128 0x3a
 1096 0073 0B       		.uleb128 0xb
 1097 0074 3B       		.uleb128 0x3b
 1098 0075 0B       		.uleb128 0xb
 1099 0076 49       		.uleb128 0x49
 1100 0077 13       		.uleb128 0x13
 1101 0078 02       		.uleb128 0x2
 1102 0079 0A       		.uleb128 0xa
 1103 007a 00       		.byte	0
 1104 007b 00       		.byte	0
 1105 007c 0A       		.uleb128 0xa
 1106 007d 0F       		.uleb128 0xf
 1107 007e 00       		.byte	0
 1108 007f 0B       		.uleb128 0xb
 1109 0080 0B       		.uleb128 0xb
 1110 0081 49       		.uleb128 0x49
 1111 0082 13       		.uleb128 0x13
 1112 0083 00       		.byte	0
 1113 0084 00       		.byte	0
 1114 0085 0B       		.uleb128 0xb
 1115 0086 26       		.uleb128 0x26
 1116 0087 00       		.byte	0
 1117 0088 00       		.byte	0
 1118 0089 00       		.byte	0
 1119 008a 0C       		.uleb128 0xc
 1120 008b 2E       		.uleb128 0x2e
 1121 008c 01       		.byte	0x1
 1122 008d 03       		.uleb128 0x3
 1123 008e 0E       		.uleb128 0xe
 1124 008f 3A       		.uleb128 0x3a
 1125 0090 0B       		.uleb128 0xb
 1126 0091 3B       		.uleb128 0x3b
 1127 0092 0B       		.uleb128 0xb
 1128 0093 27       		.uleb128 0x27
 1129 0094 0C       		.uleb128 0xc
 1130 0095 11       		.uleb128 0x11
 1131 0096 01       		.uleb128 0x1
 1132 0097 12       		.uleb128 0x12
 1133 0098 01       		.uleb128 0x1
 1134 0099 40       		.uleb128 0x40
 1135 009a 06       		.uleb128 0x6
 1136 009b 9742     		.uleb128 0x2117
 1137 009d 0C       		.uleb128 0xc
 1138 009e 01       		.uleb128 0x1
 1139 009f 13       		.uleb128 0x13
 1140 00a0 00       		.byte	0
 1141 00a1 00       		.byte	0
 1142 00a2 0D       		.uleb128 0xd
 1143 00a3 34       		.uleb128 0x34
 1144 00a4 00       		.byte	0
ARM GAS  C:\Users\adam\AppData\Local\Temp\ccV3fdWr.s 			page 27


 1145 00a5 03       		.uleb128 0x3
 1146 00a6 0E       		.uleb128 0xe
 1147 00a7 3A       		.uleb128 0x3a
 1148 00a8 0B       		.uleb128 0xb
 1149 00a9 3B       		.uleb128 0x3b
 1150 00aa 0B       		.uleb128 0xb
 1151 00ab 49       		.uleb128 0x49
 1152 00ac 13       		.uleb128 0x13
 1153 00ad 02       		.uleb128 0x2
 1154 00ae 0A       		.uleb128 0xa
 1155 00af 00       		.byte	0
 1156 00b0 00       		.byte	0
 1157 00b1 0E       		.uleb128 0xe
 1158 00b2 2E       		.uleb128 0x2e
 1159 00b3 01       		.byte	0x1
 1160 00b4 3F       		.uleb128 0x3f
 1161 00b5 0C       		.uleb128 0xc
 1162 00b6 03       		.uleb128 0x3
 1163 00b7 0E       		.uleb128 0xe
 1164 00b8 3A       		.uleb128 0x3a
 1165 00b9 0B       		.uleb128 0xb
 1166 00ba 3B       		.uleb128 0x3b
 1167 00bb 0B       		.uleb128 0xb
 1168 00bc 27       		.uleb128 0x27
 1169 00bd 0C       		.uleb128 0xc
 1170 00be 11       		.uleb128 0x11
 1171 00bf 01       		.uleb128 0x1
 1172 00c0 12       		.uleb128 0x12
 1173 00c1 01       		.uleb128 0x1
 1174 00c2 40       		.uleb128 0x40
 1175 00c3 06       		.uleb128 0x6
 1176 00c4 9742     		.uleb128 0x2117
 1177 00c6 0C       		.uleb128 0xc
 1178 00c7 01       		.uleb128 0x1
 1179 00c8 13       		.uleb128 0x13
 1180 00c9 00       		.byte	0
 1181 00ca 00       		.byte	0
 1182 00cb 0F       		.uleb128 0xf
 1183 00cc 2E       		.uleb128 0x2e
 1184 00cd 01       		.byte	0x1
 1185 00ce 3F       		.uleb128 0x3f
 1186 00cf 0C       		.uleb128 0xc
 1187 00d0 03       		.uleb128 0x3
 1188 00d1 0E       		.uleb128 0xe
 1189 00d2 3A       		.uleb128 0x3a
 1190 00d3 0B       		.uleb128 0xb
 1191 00d4 3B       		.uleb128 0x3b
 1192 00d5 05       		.uleb128 0x5
 1193 00d6 27       		.uleb128 0x27
 1194 00d7 0C       		.uleb128 0xc
 1195 00d8 11       		.uleb128 0x11
 1196 00d9 01       		.uleb128 0x1
 1197 00da 12       		.uleb128 0x12
 1198 00db 01       		.uleb128 0x1
 1199 00dc 40       		.uleb128 0x40
 1200 00dd 06       		.uleb128 0x6
 1201 00de 9642     		.uleb128 0x2116
ARM GAS  C:\Users\adam\AppData\Local\Temp\ccV3fdWr.s 			page 28


 1202 00e0 0C       		.uleb128 0xc
 1203 00e1 00       		.byte	0
 1204 00e2 00       		.byte	0
 1205 00e3 10       		.uleb128 0x10
 1206 00e4 0B       		.uleb128 0xb
 1207 00e5 01       		.byte	0x1
 1208 00e6 11       		.uleb128 0x11
 1209 00e7 01       		.uleb128 0x1
 1210 00e8 12       		.uleb128 0x12
 1211 00e9 01       		.uleb128 0x1
 1212 00ea 00       		.byte	0
 1213 00eb 00       		.byte	0
 1214 00ec 11       		.uleb128 0x11
 1215 00ed 13       		.uleb128 0x13
 1216 00ee 01       		.byte	0x1
 1217 00ef 0B       		.uleb128 0xb
 1218 00f0 0B       		.uleb128 0xb
 1219 00f1 3A       		.uleb128 0x3a
 1220 00f2 0B       		.uleb128 0xb
 1221 00f3 3B       		.uleb128 0x3b
 1222 00f4 05       		.uleb128 0x5
 1223 00f5 01       		.uleb128 0x1
 1224 00f6 13       		.uleb128 0x13
 1225 00f7 00       		.byte	0
 1226 00f8 00       		.byte	0
 1227 00f9 12       		.uleb128 0x12
 1228 00fa 0D       		.uleb128 0xd
 1229 00fb 00       		.byte	0
 1230 00fc 03       		.uleb128 0x3
 1231 00fd 0E       		.uleb128 0xe
 1232 00fe 3A       		.uleb128 0x3a
 1233 00ff 0B       		.uleb128 0xb
 1234 0100 3B       		.uleb128 0x3b
 1235 0101 05       		.uleb128 0x5
 1236 0102 49       		.uleb128 0x49
 1237 0103 13       		.uleb128 0x13
 1238 0104 38       		.uleb128 0x38
 1239 0105 0A       		.uleb128 0xa
 1240 0106 00       		.byte	0
 1241 0107 00       		.byte	0
 1242 0108 13       		.uleb128 0x13
 1243 0109 16       		.uleb128 0x16
 1244 010a 00       		.byte	0
 1245 010b 03       		.uleb128 0x3
 1246 010c 0E       		.uleb128 0xe
 1247 010d 3A       		.uleb128 0x3a
 1248 010e 0B       		.uleb128 0xb
 1249 010f 3B       		.uleb128 0x3b
 1250 0110 05       		.uleb128 0x5
 1251 0111 49       		.uleb128 0x49
 1252 0112 13       		.uleb128 0x13
 1253 0113 00       		.byte	0
 1254 0114 00       		.byte	0
 1255 0115 14       		.uleb128 0x14
 1256 0116 01       		.uleb128 0x1
 1257 0117 01       		.byte	0x1
 1258 0118 49       		.uleb128 0x49
ARM GAS  C:\Users\adam\AppData\Local\Temp\ccV3fdWr.s 			page 29


 1259 0119 13       		.uleb128 0x13
 1260 011a 01       		.uleb128 0x1
 1261 011b 13       		.uleb128 0x13
 1262 011c 00       		.byte	0
 1263 011d 00       		.byte	0
 1264 011e 15       		.uleb128 0x15
 1265 011f 21       		.uleb128 0x21
 1266 0120 00       		.byte	0
 1267 0121 49       		.uleb128 0x49
 1268 0122 13       		.uleb128 0x13
 1269 0123 2F       		.uleb128 0x2f
 1270 0124 0B       		.uleb128 0xb
 1271 0125 00       		.byte	0
 1272 0126 00       		.byte	0
 1273 0127 16       		.uleb128 0x16
 1274 0128 34       		.uleb128 0x34
 1275 0129 00       		.byte	0
 1276 012a 03       		.uleb128 0x3
 1277 012b 0E       		.uleb128 0xe
 1278 012c 3A       		.uleb128 0x3a
 1279 012d 0B       		.uleb128 0xb
 1280 012e 3B       		.uleb128 0x3b
 1281 012f 05       		.uleb128 0x5
 1282 0130 49       		.uleb128 0x49
 1283 0131 13       		.uleb128 0x13
 1284 0132 02       		.uleb128 0x2
 1285 0133 0A       		.uleb128 0xa
 1286 0134 00       		.byte	0
 1287 0135 00       		.byte	0
 1288 0136 17       		.uleb128 0x17
 1289 0137 26       		.uleb128 0x26
 1290 0138 00       		.byte	0
 1291 0139 49       		.uleb128 0x49
 1292 013a 13       		.uleb128 0x13
 1293 013b 00       		.byte	0
 1294 013c 00       		.byte	0
 1295 013d 18       		.uleb128 0x18
 1296 013e 34       		.uleb128 0x34
 1297 013f 00       		.byte	0
 1298 0140 03       		.uleb128 0x3
 1299 0141 08       		.uleb128 0x8
 1300 0142 3A       		.uleb128 0x3a
 1301 0143 0B       		.uleb128 0xb
 1302 0144 3B       		.uleb128 0x3b
 1303 0145 05       		.uleb128 0x5
 1304 0146 49       		.uleb128 0x49
 1305 0147 13       		.uleb128 0x13
 1306 0148 02       		.uleb128 0x2
 1307 0149 0A       		.uleb128 0xa
 1308 014a 00       		.byte	0
 1309 014b 00       		.byte	0
 1310 014c 00       		.byte	0
 1311              		.section	.debug_loc,"",%progbits
 1312              	.Ldebug_loc0:
 1313              	.LLST0:
 1314 0000 00000000 		.4byte	.LFB0
 1315 0004 02000000 		.4byte	.LCFI0
ARM GAS  C:\Users\adam\AppData\Local\Temp\ccV3fdWr.s 			page 30


 1316 0008 0200     		.2byte	0x2
 1317 000a 7D       		.byte	0x7d
 1318 000b 00       		.sleb128 0
 1319 000c 02000000 		.4byte	.LCFI0
 1320 0010 04000000 		.4byte	.LCFI1
 1321 0014 0200     		.2byte	0x2
 1322 0016 7D       		.byte	0x7d
 1323 0017 08       		.sleb128 8
 1324 0018 04000000 		.4byte	.LCFI1
 1325 001c 06000000 		.4byte	.LCFI2
 1326 0020 0200     		.2byte	0x2
 1327 0022 7D       		.byte	0x7d
 1328 0023 10       		.sleb128 16
 1329 0024 06000000 		.4byte	.LCFI2
 1330 0028 1E000000 		.4byte	.LFE0
 1331 002c 0200     		.2byte	0x2
 1332 002e 77       		.byte	0x77
 1333 002f 10       		.sleb128 16
 1334 0030 00000000 		.4byte	0
 1335 0034 00000000 		.4byte	0
 1336              	.LLST1:
 1337 0038 00000000 		.4byte	.LFB1
 1338 003c 02000000 		.4byte	.LCFI3
 1339 0040 0200     		.2byte	0x2
 1340 0042 7D       		.byte	0x7d
 1341 0043 00       		.sleb128 0
 1342 0044 02000000 		.4byte	.LCFI3
 1343 0048 04000000 		.4byte	.LCFI4
 1344 004c 0200     		.2byte	0x2
 1345 004e 7D       		.byte	0x7d
 1346 004f 08       		.sleb128 8
 1347 0050 04000000 		.4byte	.LCFI4
 1348 0054 06000000 		.4byte	.LCFI5
 1349 0058 0200     		.2byte	0x2
 1350 005a 7D       		.byte	0x7d
 1351 005b 18       		.sleb128 24
 1352 005c 06000000 		.4byte	.LCFI5
 1353 0060 1E000000 		.4byte	.LFE1
 1354 0064 0200     		.2byte	0x2
 1355 0066 77       		.byte	0x77
 1356 0067 18       		.sleb128 24
 1357 0068 00000000 		.4byte	0
 1358 006c 00000000 		.4byte	0
 1359              	.LLST2:
 1360 0070 00000000 		.4byte	.LFB2
 1361 0074 02000000 		.4byte	.LCFI6
 1362 0078 0200     		.2byte	0x2
 1363 007a 7D       		.byte	0x7d
 1364 007b 00       		.sleb128 0
 1365 007c 02000000 		.4byte	.LCFI6
 1366 0080 04000000 		.4byte	.LCFI7
 1367 0084 0200     		.2byte	0x2
 1368 0086 7D       		.byte	0x7d
 1369 0087 08       		.sleb128 8
 1370 0088 04000000 		.4byte	.LCFI7
 1371 008c 06000000 		.4byte	.LCFI8
 1372 0090 0200     		.2byte	0x2
ARM GAS  C:\Users\adam\AppData\Local\Temp\ccV3fdWr.s 			page 31


 1373 0092 7D       		.byte	0x7d
 1374 0093 18       		.sleb128 24
 1375 0094 06000000 		.4byte	.LCFI8
 1376 0098 1E000000 		.4byte	.LFE2
 1377 009c 0200     		.2byte	0x2
 1378 009e 77       		.byte	0x77
 1379 009f 18       		.sleb128 24
 1380 00a0 00000000 		.4byte	0
 1381 00a4 00000000 		.4byte	0
 1382              	.LLST3:
 1383 00a8 00000000 		.4byte	.LFB3
 1384 00ac 02000000 		.4byte	.LCFI9
 1385 00b0 0200     		.2byte	0x2
 1386 00b2 7D       		.byte	0x7d
 1387 00b3 00       		.sleb128 0
 1388 00b4 02000000 		.4byte	.LCFI9
 1389 00b8 04000000 		.4byte	.LCFI10
 1390 00bc 0200     		.2byte	0x2
 1391 00be 7D       		.byte	0x7d
 1392 00bf 04       		.sleb128 4
 1393 00c0 04000000 		.4byte	.LCFI10
 1394 00c4 06000000 		.4byte	.LCFI11
 1395 00c8 0200     		.2byte	0x2
 1396 00ca 7D       		.byte	0x7d
 1397 00cb 10       		.sleb128 16
 1398 00cc 06000000 		.4byte	.LCFI11
 1399 00d0 0C000000 		.4byte	.LFE3
 1400 00d4 0200     		.2byte	0x2
 1401 00d6 77       		.byte	0x77
 1402 00d7 10       		.sleb128 16
 1403 00d8 00000000 		.4byte	0
 1404 00dc 00000000 		.4byte	0
 1405              	.LLST4:
 1406 00e0 00000000 		.4byte	.LFB4
 1407 00e4 02000000 		.4byte	.LCFI12
 1408 00e8 0200     		.2byte	0x2
 1409 00ea 7D       		.byte	0x7d
 1410 00eb 00       		.sleb128 0
 1411 00ec 02000000 		.4byte	.LCFI12
 1412 00f0 04000000 		.4byte	.LCFI13
 1413 00f4 0200     		.2byte	0x2
 1414 00f6 7D       		.byte	0x7d
 1415 00f7 08       		.sleb128 8
 1416 00f8 04000000 		.4byte	.LCFI13
 1417 00fc 06000000 		.4byte	.LCFI14
 1418 0100 0200     		.2byte	0x2
 1419 0102 7D       		.byte	0x7d
 1420 0103 10       		.sleb128 16
 1421 0104 06000000 		.4byte	.LCFI14
 1422 0108 16010000 		.4byte	.LFE4
 1423 010c 0200     		.2byte	0x2
 1424 010e 77       		.byte	0x77
 1425 010f 10       		.sleb128 16
 1426 0110 00000000 		.4byte	0
 1427 0114 00000000 		.4byte	0
 1428              	.LLST5:
 1429 0118 00000000 		.4byte	.LFB5
ARM GAS  C:\Users\adam\AppData\Local\Temp\ccV3fdWr.s 			page 32


 1430 011c 02000000 		.4byte	.LCFI15
 1431 0120 0200     		.2byte	0x2
 1432 0122 7D       		.byte	0x7d
 1433 0123 00       		.sleb128 0
 1434 0124 02000000 		.4byte	.LCFI15
 1435 0128 04000000 		.4byte	.LCFI16
 1436 012c 0200     		.2byte	0x2
 1437 012e 7D       		.byte	0x7d
 1438 012f 04       		.sleb128 4
 1439 0130 04000000 		.4byte	.LCFI16
 1440 0134 06000000 		.4byte	.LCFI17
 1441 0138 0200     		.2byte	0x2
 1442 013a 7D       		.byte	0x7d
 1443 013b 10       		.sleb128 16
 1444 013c 06000000 		.4byte	.LCFI17
 1445 0140 4E000000 		.4byte	.LFE5
 1446 0144 0200     		.2byte	0x2
 1447 0146 77       		.byte	0x77
 1448 0147 10       		.sleb128 16
 1449 0148 00000000 		.4byte	0
 1450 014c 00000000 		.4byte	0
 1451              	.LLST6:
 1452 0150 00000000 		.4byte	.LFB6
 1453 0154 02000000 		.4byte	.LCFI18
 1454 0158 0200     		.2byte	0x2
 1455 015a 7D       		.byte	0x7d
 1456 015b 00       		.sleb128 0
 1457 015c 02000000 		.4byte	.LCFI18
 1458 0160 04000000 		.4byte	.LCFI19
 1459 0164 0200     		.2byte	0x2
 1460 0166 7D       		.byte	0x7d
 1461 0167 04       		.sleb128 4
 1462 0168 04000000 		.4byte	.LCFI19
 1463 016c 06000000 		.4byte	.LCFI20
 1464 0170 0200     		.2byte	0x2
 1465 0172 7D       		.byte	0x7d
 1466 0173 18       		.sleb128 24
 1467 0174 06000000 		.4byte	.LCFI20
 1468 0178 32000000 		.4byte	.LFE6
 1469 017c 0200     		.2byte	0x2
 1470 017e 77       		.byte	0x77
 1471 017f 18       		.sleb128 24
 1472 0180 00000000 		.4byte	0
 1473 0184 00000000 		.4byte	0
 1474              	.LLST7:
 1475 0188 00000000 		.4byte	.LFB7
 1476 018c 02000000 		.4byte	.LCFI21
 1477 0190 0200     		.2byte	0x2
 1478 0192 7D       		.byte	0x7d
 1479 0193 00       		.sleb128 0
 1480 0194 02000000 		.4byte	.LCFI21
 1481 0198 04000000 		.4byte	.LCFI22
 1482 019c 0200     		.2byte	0x2
 1483 019e 7D       		.byte	0x7d
 1484 019f 08       		.sleb128 8
 1485 01a0 04000000 		.4byte	.LCFI22
 1486 01a4 06000000 		.4byte	.LCFI23
ARM GAS  C:\Users\adam\AppData\Local\Temp\ccV3fdWr.s 			page 33


 1487 01a8 0200     		.2byte	0x2
 1488 01aa 7D       		.byte	0x7d
 1489 01ab 10       		.sleb128 16
 1490 01ac 06000000 		.4byte	.LCFI23
 1491 01b0 70010000 		.4byte	.LFE7
 1492 01b4 0200     		.2byte	0x2
 1493 01b6 77       		.byte	0x77
 1494 01b7 10       		.sleb128 16
 1495 01b8 00000000 		.4byte	0
 1496 01bc 00000000 		.4byte	0
 1497              		.section	.debug_aranges,"",%progbits
 1498 0000 54000000 		.4byte	0x54
 1499 0004 0200     		.2byte	0x2
 1500 0006 00000000 		.4byte	.Ldebug_info0
 1501 000a 04       		.byte	0x4
 1502 000b 00       		.byte	0
 1503 000c 0000     		.2byte	0
 1504 000e 0000     		.2byte	0
 1505 0010 00000000 		.4byte	.LFB0
 1506 0014 1E000000 		.4byte	.LFE0-.LFB0
 1507 0018 00000000 		.4byte	.LFB1
 1508 001c 1E000000 		.4byte	.LFE1-.LFB1
 1509 0020 00000000 		.4byte	.LFB2
 1510 0024 1E000000 		.4byte	.LFE2-.LFB2
 1511 0028 00000000 		.4byte	.LFB3
 1512 002c 0C000000 		.4byte	.LFE3-.LFB3
 1513 0030 00000000 		.4byte	.LFB4
 1514 0034 16010000 		.4byte	.LFE4-.LFB4
 1515 0038 00000000 		.4byte	.LFB5
 1516 003c 4E000000 		.4byte	.LFE5-.LFB5
 1517 0040 00000000 		.4byte	.LFB6
 1518 0044 32000000 		.4byte	.LFE6-.LFB6
 1519 0048 00000000 		.4byte	.LFB7
 1520 004c 70010000 		.4byte	.LFE7-.LFB7
 1521 0050 00000000 		.4byte	0
 1522 0054 00000000 		.4byte	0
 1523              		.section	.debug_ranges,"",%progbits
 1524              	.Ldebug_ranges0:
 1525 0000 00000000 		.4byte	.LFB0
 1526 0004 1E000000 		.4byte	.LFE0
 1527 0008 00000000 		.4byte	.LFB1
 1528 000c 1E000000 		.4byte	.LFE1
 1529 0010 00000000 		.4byte	.LFB2
 1530 0014 1E000000 		.4byte	.LFE2
 1531 0018 00000000 		.4byte	.LFB3
 1532 001c 0C000000 		.4byte	.LFE3
 1533 0020 00000000 		.4byte	.LFB4
 1534 0024 16010000 		.4byte	.LFE4
 1535 0028 00000000 		.4byte	.LFB5
 1536 002c 4E000000 		.4byte	.LFE5
 1537 0030 00000000 		.4byte	.LFB6
 1538 0034 32000000 		.4byte	.LFE6
 1539 0038 00000000 		.4byte	.LFB7
 1540 003c 70010000 		.4byte	.LFE7
 1541 0040 00000000 		.4byte	0
 1542 0044 00000000 		.4byte	0
 1543              		.section	.debug_line,"",%progbits
ARM GAS  C:\Users\adam\AppData\Local\Temp\ccV3fdWr.s 			page 34


 1544              	.Ldebug_line0:
 1545 0000 BE010000 		.section	.debug_str,"MS",%progbits,1
 1545      0200D100 
 1545      00000201 
 1545      FB0E0D00 
 1545      01010101 
 1546              	.LASF18:
 1547 0000 72656731 		.ascii	"reg16\000"
 1547      3600
 1548              	.LASF11:
 1549 0006 73697A65 		.ascii	"size_t\000"
 1549      5F7400
 1550              	.LASF28:
 1551 000d 416E616C 		.ascii	"AnalogSetDefault\000"
 1551      6F675365 
 1551      74446566 
 1551      61756C74 
 1551      00
 1552              	.LASF35:
 1553 001e 6366675F 		.ascii	"cfg_memset_list\000"
 1553      6D656D73 
 1553      65745F6C 
 1553      69737400 
 1554              	.LASF22:
 1555 002e 4359434F 		.ascii	"CYCONFIGCPYCODE\000"
 1555      4E464947 
 1555      43505943 
 1555      4F444500 
 1556              	.LASF25:
 1557 003e 436C6F63 		.ascii	"ClockSetup\000"
 1557      6B536574 
 1557      757000
 1558              	.LASF3:
 1559 0049 73686F72 		.ascii	"short unsigned int\000"
 1559      7420756E 
 1559      7369676E 
 1559      65642069 
 1559      6E7400
 1560              	.LASF38:
 1561 005c 433A5C55 		.ascii	"C:\\Users\\adam\\Documents\\PSOC-Treadmill\\Treadmi"
 1561      73657273 
 1561      5C616461 
 1561      6D5C446F 
 1561      63756D65 
 1562 008a 6C6C2E63 		.ascii	"ll.cydsn\000"
 1562      7964736E 
 1562      00
 1563              	.LASF27:
 1564 0093 706C6C4C 		.ascii	"pllLock\000"
 1564      6F636B00 
 1565              	.LASF15:
 1566 009b 666C6F61 		.ascii	"float\000"
 1566      7400
 1567              	.LASF23:
 1568 00a1 4379436C 		.ascii	"CyClockStartupError\000"
 1568      6F636B53 
 1568      74617274 
ARM GAS  C:\Users\adam\AppData\Local\Temp\ccV3fdWr.s 			page 35


 1568      75704572 
 1568      726F7200 
 1569              	.LASF21:
 1570 00b5 64657374 		.ascii	"dest\000"
 1570      00
 1571              	.LASF33:
 1572 00ba 73697A65 		.ascii	"size\000"
 1572      00
 1573              	.LASF17:
 1574 00bf 72656738 		.ascii	"reg8\000"
 1574      00
 1575              	.LASF9:
 1576 00c4 6C6F6E67 		.ascii	"long unsigned int\000"
 1576      20756E73 
 1576      69676E65 
 1576      6420696E 
 1576      7400
 1577              	.LASF12:
 1578 00d6 75696E74 		.ascii	"uint8\000"
 1578      3800
 1579              	.LASF19:
 1580 00dc 43594D45 		.ascii	"CYMEMZERO\000"
 1580      4D5A4552 
 1580      4F00
 1581              	.LASF39:
 1582 00e6 53657441 		.ascii	"SetAnalogRoutingPumps\000"
 1582      6E616C6F 
 1582      67526F75 
 1582      74696E67 
 1582      50756D70 
 1583              	.LASF1:
 1584 00fc 756E7369 		.ascii	"unsigned char\000"
 1584      676E6564 
 1584      20636861 
 1584      7200
 1585              	.LASF16:
 1586 010a 646F7562 		.ascii	"double\000"
 1586      6C6500
 1587              	.LASF40:
 1588 0111 63796669 		.ascii	"cyfitter_cfg\000"
 1588      74746572 
 1588      5F636667 
 1588      00
 1589              	.LASF13:
 1590 011e 75696E74 		.ascii	"uint16\000"
 1590      313600
 1591              	.LASF24:
 1592 0125 6572726F 		.ascii	"errorCode\000"
 1592      72436F64 
 1592      6500
 1593              	.LASF14:
 1594 012f 75696E74 		.ascii	"uint32\000"
 1594      333200
 1595              	.LASF4:
 1596 0136 756E7369 		.ascii	"unsigned int\000"
 1596      676E6564 
 1596      20696E74 
ARM GAS  C:\Users\adam\AppData\Local\Temp\ccV3fdWr.s 			page 36


 1596      00
 1597              	.LASF32:
 1598 0143 61646472 		.ascii	"address\000"
 1598      65737300 
 1599              	.LASF6:
 1600 014b 6C6F6E67 		.ascii	"long long unsigned int\000"
 1600      206C6F6E 
 1600      6720756E 
 1600      7369676E 
 1600      65642069 
 1601              	.LASF34:
 1602 0162 6366675F 		.ascii	"cfg_memset_t\000"
 1602      6D656D73 
 1602      65745F74 
 1602      00
 1603              	.LASF8:
 1604 016f 73697A65 		.ascii	"sizetype\000"
 1604      74797065 
 1604      00
 1605              	.LASF5:
 1606 0178 6C6F6E67 		.ascii	"long long int\000"
 1606      206C6F6E 
 1606      6720696E 
 1606      7400
 1607              	.LASF26:
 1608 0186 74696D65 		.ascii	"timeout\000"
 1608      6F757400 
 1609              	.LASF2:
 1610 018e 73686F72 		.ascii	"short int\000"
 1610      7420696E 
 1610      7400
 1611              	.LASF36:
 1612 0198 474E5520 		.ascii	"GNU C 4.7.3 20130312 (release) [ARM/embedded-4_7-br"
 1612      4320342E 
 1612      372E3320 
 1612      32303133 
 1612      30333132 
 1613 01cb 616E6368 		.ascii	"anch revision 196615]\000"
 1613      20726576 
 1613      6973696F 
 1613      6E203139 
 1613      36363135 
 1614              	.LASF37:
 1615 01e1 2E5C4765 		.ascii	".\\Generated_Source\\PSoC5\\cyfitter_cfg.c\000"
 1615      6E657261 
 1615      7465645F 
 1615      536F7572 
 1615      63655C50 
 1616              	.LASF30:
 1617 0209 656E6162 		.ascii	"enabled\000"
 1617      6C656400 
 1618              	.LASF7:
 1619 0211 6C6F6E67 		.ascii	"long int\000"
 1619      20696E74 
 1619      00
 1620              	.LASF10:
 1621 021a 63686172 		.ascii	"char\000"
ARM GAS  C:\Users\adam\AppData\Local\Temp\ccV3fdWr.s 			page 37


 1621      00
 1622              	.LASF29:
 1623 021f 62675F78 		.ascii	"bg_xover_inl_trim\000"
 1623      6F766572 
 1623      5F696E6C 
 1623      5F747269 
 1623      6D00
 1624              	.LASF0:
 1625 0231 7369676E 		.ascii	"signed char\000"
 1625      65642063 
 1625      68617200 
 1626              	.LASF31:
 1627 023d 72656756 		.ascii	"regValue\000"
 1627      616C7565 
 1627      00
 1628              	.LASF20:
 1629 0246 4359434F 		.ascii	"CYCONFIGCPY\000"
 1629      4E464947 
 1629      43505900 
 1630              		.ident	"GCC: (GNU Tools for ARM Embedded Processors) 4.7.3 20130312 (release) [ARM/embedded-4_7-br
