ARM GAS  C:\Users\adam\AppData\Local\Temp\ccj39ihe.s 			page 1


   1              		.syntax unified
   2              		.cpu cortex-m3
   3              		.fpu softvfp
   4              		.eabi_attribute 20, 1
   5              		.eabi_attribute 21, 1
   6              		.eabi_attribute 23, 3
   7              		.eabi_attribute 24, 1
   8              		.eabi_attribute 25, 1
   9              		.eabi_attribute 26, 1
  10              		.eabi_attribute 30, 6
  11              		.eabi_attribute 34, 1
  12              		.eabi_attribute 18, 4
  13              		.thumb
  14              		.file	"LCD_CustChars.c"
  15              		.text
  16              	.Ltext0:
  17              		.cfi_sections	.debug_frame
  18              		.global	LCD_customFonts
  19              		.section	.rodata
  20              		.align	2
  21              		.type	LCD_customFonts, %object
  22              		.size	LCD_customFonts, 64
  23              	LCD_customFonts:
  24 0000 00       		.byte	0
  25 0001 00       		.byte	0
  26 0002 00       		.byte	0
  27 0003 04       		.byte	4
  28 0004 00       		.byte	0
  29 0005 00       		.byte	0
  30 0006 00       		.byte	0
  31 0007 00       		.byte	0
  32 0008 00       		.byte	0
  33 0009 00       		.byte	0
  34 000a 00       		.byte	0
  35 000b 0E       		.byte	14
  36 000c 04       		.byte	4
  37 000d 00       		.byte	0
  38 000e 00       		.byte	0
  39 000f 00       		.byte	0
  40 0010 00       		.byte	0
  41 0011 00       		.byte	0
  42 0012 0A       		.byte	10
  43 0013 15       		.byte	21
  44 0014 11       		.byte	17
  45 0015 0A       		.byte	10
  46 0016 04       		.byte	4
  47 0017 00       		.byte	0
  48 0018 00       		.byte	0
  49 0019 0E       		.byte	14
  50 001a 0A       		.byte	10
  51 001b 0C       		.byte	12
  52 001c 0A       		.byte	10
  53 001d 0A       		.byte	10
  54 001e 00       		.byte	0
  55 001f 00       		.byte	0
  56 0020 00       		.byte	0
  57 0021 0E       		.byte	14
ARM GAS  C:\Users\adam\AppData\Local\Temp\ccj39ihe.s 			page 2


  58 0022 08       		.byte	8
  59 0023 0C       		.byte	12
  60 0024 08       		.byte	8
  61 0025 0E       		.byte	14
  62 0026 00       		.byte	0
  63 0027 00       		.byte	0
  64 0028 00       		.byte	0
  65 0029 0E       		.byte	14
  66 002a 08       		.byte	8
  67 002b 0E       		.byte	14
  68 002c 02       		.byte	2
  69 002d 0E       		.byte	14
  70 002e 00       		.byte	0
  71 002f 00       		.byte	0
  72 0030 10       		.byte	16
  73 0031 18       		.byte	24
  74 0032 1C       		.byte	28
  75 0033 1E       		.byte	30
  76 0034 1E       		.byte	30
  77 0035 1C       		.byte	28
  78 0036 18       		.byte	24
  79 0037 10       		.byte	16
  80 0038 1F       		.byte	31
  81 0039 1F       		.byte	31
  82 003a 1F       		.byte	31
  83 003b 1F       		.byte	31
  84 003c 1F       		.byte	31
  85 003d 1F       		.byte	31
  86 003e 1F       		.byte	31
  87 003f 1F       		.byte	31
  88              		.section	.text.LCD_LoadCustomFonts,"ax",%progbits
  89              		.align	2
  90              		.global	LCD_LoadCustomFonts
  91              		.thumb
  92              		.thumb_func
  93              		.type	LCD_LoadCustomFonts, %function
  94              	LCD_LoadCustomFonts:
  95              	.LFB0:
  96              		.file 1 ".\\Generated_Source\\PSoC5\\LCD_CustChars.c"
   1:.\Generated_Source\PSoC5/LCD_CustChars.c **** /*******************************************************************************
   2:.\Generated_Source\PSoC5/LCD_CustChars.c **** * File Name: LCD_CustChars.c
   3:.\Generated_Source\PSoC5/LCD_CustChars.c **** * Version 2.0
   4:.\Generated_Source\PSoC5/LCD_CustChars.c **** *
   5:.\Generated_Source\PSoC5/LCD_CustChars.c **** * Description:
   6:.\Generated_Source\PSoC5/LCD_CustChars.c **** *  This file provides the source code for the Character LCD custom character
   7:.\Generated_Source\PSoC5/LCD_CustChars.c **** *  API.
   8:.\Generated_Source\PSoC5/LCD_CustChars.c **** *
   9:.\Generated_Source\PSoC5/LCD_CustChars.c **** * Note:
  10:.\Generated_Source\PSoC5/LCD_CustChars.c **** *
  11:.\Generated_Source\PSoC5/LCD_CustChars.c **** ********************************************************************************
  12:.\Generated_Source\PSoC5/LCD_CustChars.c **** * Copyright 2008-2014, Cypress Semiconductor Corporation.  All rights reserved.
  13:.\Generated_Source\PSoC5/LCD_CustChars.c **** * You may use this file only in accordance with the license, terms, conditions,
  14:.\Generated_Source\PSoC5/LCD_CustChars.c **** * disclaimers, and limitations in the end user license agreement accompanying
  15:.\Generated_Source\PSoC5/LCD_CustChars.c **** * the software package with which this file was provided.
  16:.\Generated_Source\PSoC5/LCD_CustChars.c **** *******************************************************************************/
  17:.\Generated_Source\PSoC5/LCD_CustChars.c **** 
  18:.\Generated_Source\PSoC5/LCD_CustChars.c **** #include "LCD.h"
ARM GAS  C:\Users\adam\AppData\Local\Temp\ccj39ihe.s 			page 3


  19:.\Generated_Source\PSoC5/LCD_CustChars.c **** 
  20:.\Generated_Source\PSoC5/LCD_CustChars.c **** 
  21:.\Generated_Source\PSoC5/LCD_CustChars.c **** uint8 const CYCODE LCD_customFonts[] = \
  22:.\Generated_Source\PSoC5/LCD_CustChars.c **** {
  23:.\Generated_Source\PSoC5/LCD_CustChars.c ****     /* Character LCD_CUSTOM_0   */
  24:.\Generated_Source\PSoC5/LCD_CustChars.c ****         0x00u,    0x00u,    0x00u,    0x04u,    0x00u,    0x00u,    0x00u,    0x00u, \
  25:.\Generated_Source\PSoC5/LCD_CustChars.c ****     /* Character LCD_CUSTOM_1   */
  26:.\Generated_Source\PSoC5/LCD_CustChars.c ****         0x00u,    0x00u,    0x00u,    0x0Eu,    0x04u,    0x00u,    0x00u,    0x00u, \
  27:.\Generated_Source\PSoC5/LCD_CustChars.c ****     /* Character LCD_CUSTOM_2   */
  28:.\Generated_Source\PSoC5/LCD_CustChars.c ****         0x00u,    0x00u,    0x0Au,    0x15u,    0x11u,    0x0Au,    0x04u,    0x00u, \
  29:.\Generated_Source\PSoC5/LCD_CustChars.c ****     /* Character LCD_CUSTOM_3   */
  30:.\Generated_Source\PSoC5/LCD_CustChars.c ****         0x00u,    0x0Eu,    0x0Au,    0x0Cu,    0x0Au,    0x0Au,    0x00u,    0x00u, \
  31:.\Generated_Source\PSoC5/LCD_CustChars.c ****     /* Character LCD_CUSTOM_4   */
  32:.\Generated_Source\PSoC5/LCD_CustChars.c ****         0x00u,    0x0Eu,    0x08u,    0x0Cu,    0x08u,    0x0Eu,    0x00u,    0x00u, \
  33:.\Generated_Source\PSoC5/LCD_CustChars.c ****     /* Character LCD_CUSTOM_5   */
  34:.\Generated_Source\PSoC5/LCD_CustChars.c ****         0x00u,    0x0Eu,    0x08u,    0x0Eu,    0x02u,    0x0Eu,    0x00u,    0x00u, \
  35:.\Generated_Source\PSoC5/LCD_CustChars.c ****     /* Character LCD_CUSTOM_6   */
  36:.\Generated_Source\PSoC5/LCD_CustChars.c ****         0x10u,    0x18u,    0x1Cu,    0x1Eu,    0x1Eu,    0x1Cu,    0x18u,    0x10u, \
  37:.\Generated_Source\PSoC5/LCD_CustChars.c ****     /* Character LCD_CUSTOM_7   */
  38:.\Generated_Source\PSoC5/LCD_CustChars.c ****         0x1Fu,    0x1Fu,    0x1Fu,    0x1Fu,    0x1Fu,    0x1Fu,    0x1Fu,    0x1Fu \
  39:.\Generated_Source\PSoC5/LCD_CustChars.c ****  };
  40:.\Generated_Source\PSoC5/LCD_CustChars.c **** 
  41:.\Generated_Source\PSoC5/LCD_CustChars.c **** 
  42:.\Generated_Source\PSoC5/LCD_CustChars.c **** /*******************************************************************************
  43:.\Generated_Source\PSoC5/LCD_CustChars.c **** * Function Name: LCD_LoadCustomFonts
  44:.\Generated_Source\PSoC5/LCD_CustChars.c **** ********************************************************************************
  45:.\Generated_Source\PSoC5/LCD_CustChars.c **** *
  46:.\Generated_Source\PSoC5/LCD_CustChars.c **** * Summary:
  47:.\Generated_Source\PSoC5/LCD_CustChars.c **** *  Loads 8 custom font characters into the LCD Module for use.  Cannot use
  48:.\Generated_Source\PSoC5/LCD_CustChars.c **** *  characters from two different font sets at once, but font sets can be
  49:.\Generated_Source\PSoC5/LCD_CustChars.c **** *  switched out during runtime.
  50:.\Generated_Source\PSoC5/LCD_CustChars.c **** *
  51:.\Generated_Source\PSoC5/LCD_CustChars.c **** * Parameters:
  52:.\Generated_Source\PSoC5/LCD_CustChars.c **** *  customData:  pointer to a constant array of 64 bytes representing 8 custom
  53:.\Generated_Source\PSoC5/LCD_CustChars.c **** *               font characters.
  54:.\Generated_Source\PSoC5/LCD_CustChars.c **** * Return:
  55:.\Generated_Source\PSoC5/LCD_CustChars.c **** *  None.
  56:.\Generated_Source\PSoC5/LCD_CustChars.c **** *
  57:.\Generated_Source\PSoC5/LCD_CustChars.c **** * Theory:
  58:.\Generated_Source\PSoC5/LCD_CustChars.c **** *  Prior to using this function user need to import the pointer to custom
  59:.\Generated_Source\PSoC5/LCD_CustChars.c **** *  font array to your project by writting the following in the source code file
  60:.\Generated_Source\PSoC5/LCD_CustChars.c **** *  where custom font will be used:
  61:.\Generated_Source\PSoC5/LCD_CustChars.c **** *       extern uint8 const CYCODE LCD_Char_customFonts[];
  62:.\Generated_Source\PSoC5/LCD_CustChars.c **** *  This function is not automatically called by the Start() routine and must be
  63:.\Generated_Source\PSoC5/LCD_CustChars.c **** *  called manually by the user.
  64:.\Generated_Source\PSoC5/LCD_CustChars.c **** *
  65:.\Generated_Source\PSoC5/LCD_CustChars.c **** *******************************************************************************/
  66:.\Generated_Source\PSoC5/LCD_CustChars.c **** void LCD_LoadCustomFonts(uint8 const customData[]) 
  67:.\Generated_Source\PSoC5/LCD_CustChars.c **** {
  97              		.loc 1 67 0
  98              		.cfi_startproc
  99              		@ args = 0, pretend = 0, frame = 16
 100              		@ frame_needed = 1, uses_anonymous_args = 0
 101 0000 80B5     		push	{r7, lr}
 102              	.LCFI0:
 103              		.cfi_def_cfa_offset 8
 104              		.cfi_offset 7, -8
ARM GAS  C:\Users\adam\AppData\Local\Temp\ccj39ihe.s 			page 4


 105              		.cfi_offset 14, -4
 106 0002 84B0     		sub	sp, sp, #16
 107              	.LCFI1:
 108              		.cfi_def_cfa_offset 24
 109 0004 00AF     		add	r7, sp, #0
 110              	.LCFI2:
 111              		.cfi_def_cfa_register 7
 112 0006 7860     		str	r0, [r7, #4]
  68:.\Generated_Source\PSoC5/LCD_CustChars.c ****     uint8 indexU8;
  69:.\Generated_Source\PSoC5/LCD_CustChars.c **** 
  70:.\Generated_Source\PSoC5/LCD_CustChars.c ****     LCD_IsReady();
 113              		.loc 1 70 0
 114 0008 FFF7FEFF 		bl	LCD_IsReady
  71:.\Generated_Source\PSoC5/LCD_CustChars.c **** 
  72:.\Generated_Source\PSoC5/LCD_CustChars.c ****     /* Set starting address in the LCD Module.
  73:.\Generated_Source\PSoC5/LCD_CustChars.c ****     * Optionally: Read the current address to restore at a later time.
  74:.\Generated_Source\PSoC5/LCD_CustChars.c ****     */
  75:.\Generated_Source\PSoC5/LCD_CustChars.c ****     LCD_WriteControl(LCD_CGRAM_0);
 115              		.loc 1 75 0
 116 000c 4FF04000 		mov	r0, #64
 117 0010 FFF7FEFF 		bl	LCD_WriteControl
  76:.\Generated_Source\PSoC5/LCD_CustChars.c **** 
  77:.\Generated_Source\PSoC5/LCD_CustChars.c ****     /* Load in the 64 bytes of CustomChar Data */
  78:.\Generated_Source\PSoC5/LCD_CustChars.c ****     for(indexU8 = 0u; indexU8 < LCD_CUSTOM_CHAR_SET_LEN; indexU8++)
 118              		.loc 1 78 0
 119 0014 4FF00003 		mov	r3, #0
 120 0018 FB73     		strb	r3, [r7, #15]
 121 001a 0AE0     		b	.L2
 122              	.L3:
  79:.\Generated_Source\PSoC5/LCD_CustChars.c ****     {
  80:.\Generated_Source\PSoC5/LCD_CustChars.c ****         LCD_WriteData(customData[indexU8]);
 123              		.loc 1 80 0 discriminator 2
 124 001c FB7B     		ldrb	r3, [r7, #15]	@ zero_extendqisi2
 125 001e 7A68     		ldr	r2, [r7, #4]
 126 0020 D318     		adds	r3, r2, r3
 127 0022 1B78     		ldrb	r3, [r3, #0]	@ zero_extendqisi2
 128 0024 1846     		mov	r0, r3
 129 0026 FFF7FEFF 		bl	LCD_WriteData
  78:.\Generated_Source\PSoC5/LCD_CustChars.c ****     for(indexU8 = 0u; indexU8 < LCD_CUSTOM_CHAR_SET_LEN; indexU8++)
 130              		.loc 1 78 0 discriminator 2
 131 002a FB7B     		ldrb	r3, [r7, #15]
 132 002c 03F10103 		add	r3, r3, #1
 133 0030 FB73     		strb	r3, [r7, #15]
 134              	.L2:
  78:.\Generated_Source\PSoC5/LCD_CustChars.c ****     for(indexU8 = 0u; indexU8 < LCD_CUSTOM_CHAR_SET_LEN; indexU8++)
 135              		.loc 1 78 0 is_stmt 0 discriminator 1
 136 0032 FB7B     		ldrb	r3, [r7, #15]	@ zero_extendqisi2
 137 0034 3F2B     		cmp	r3, #63
 138 0036 F1D9     		bls	.L3
  81:.\Generated_Source\PSoC5/LCD_CustChars.c ****     }
  82:.\Generated_Source\PSoC5/LCD_CustChars.c **** 
  83:.\Generated_Source\PSoC5/LCD_CustChars.c ****     LCD_IsReady();
 139              		.loc 1 83 0 is_stmt 1
 140 0038 FFF7FEFF 		bl	LCD_IsReady
  84:.\Generated_Source\PSoC5/LCD_CustChars.c ****     LCD_WriteControl(LCD_DDRAM_0);
 141              		.loc 1 84 0
 142 003c 4FF08000 		mov	r0, #128
ARM GAS  C:\Users\adam\AppData\Local\Temp\ccj39ihe.s 			page 5


 143 0040 FFF7FEFF 		bl	LCD_WriteControl
  85:.\Generated_Source\PSoC5/LCD_CustChars.c **** }
 144              		.loc 1 85 0
 145 0044 07F11007 		add	r7, r7, #16
 146 0048 BD46     		mov	sp, r7
 147 004a 80BD     		pop	{r7, pc}
 148              		.cfi_endproc
 149              	.LFE0:
 150              		.size	LCD_LoadCustomFonts, .-LCD_LoadCustomFonts
 151              		.text
 152              	.Letext0:
 153              		.file 2 ".\\Generated_Source\\PSoC5\\cytypes.h"
 154              		.section	.debug_info,"",%progbits
 155              	.Ldebug_info0:
 156 0000 FC000000 		.4byte	0xfc
 157 0004 0200     		.2byte	0x2
 158 0006 00000000 		.4byte	.Ldebug_abbrev0
 159 000a 04       		.byte	0x4
 160 000b 01       		.uleb128 0x1
 161 000c 17010000 		.4byte	.LASF13
 162 0010 01       		.byte	0x1
 163 0011 00000000 		.4byte	.LASF14
 164 0015 29000000 		.4byte	.LASF15
 165 0019 00000000 		.4byte	.Ldebug_ranges0+0
 166 001d 00000000 		.4byte	0
 167 0021 00000000 		.4byte	0
 168 0025 00000000 		.4byte	.Ldebug_line0
 169 0029 02       		.uleb128 0x2
 170 002a 01       		.byte	0x1
 171 002b 06       		.byte	0x6
 172 002c 79010000 		.4byte	.LASF0
 173 0030 02       		.uleb128 0x2
 174 0031 01       		.byte	0x1
 175 0032 08       		.byte	0x8
 176 0033 79000000 		.4byte	.LASF1
 177 0037 02       		.uleb128 0x2
 178 0038 02       		.byte	0x2
 179 0039 05       		.byte	0x5
 180 003a 07010000 		.4byte	.LASF2
 181 003e 02       		.uleb128 0x2
 182 003f 02       		.byte	0x2
 183 0040 07       		.byte	0x7
 184 0041 AD000000 		.4byte	.LASF3
 185 0045 02       		.uleb128 0x2
 186 0046 04       		.byte	0x4
 187 0047 05       		.byte	0x5
 188 0048 60010000 		.4byte	.LASF4
 189 004c 02       		.uleb128 0x2
 190 004d 04       		.byte	0x4
 191 004e 07       		.byte	0x7
 192 004f 87000000 		.4byte	.LASF5
 193 0053 02       		.uleb128 0x2
 194 0054 08       		.byte	0x8
 195 0055 05       		.byte	0x5
 196 0056 F4000000 		.4byte	.LASF6
 197 005a 02       		.uleb128 0x2
 198 005b 08       		.byte	0x8
ARM GAS  C:\Users\adam\AppData\Local\Temp\ccj39ihe.s 			page 6


 199 005c 07       		.byte	0x7
 200 005d D4000000 		.4byte	.LASF7
 201 0061 03       		.uleb128 0x3
 202 0062 04       		.byte	0x4
 203 0063 05       		.byte	0x5
 204 0064 696E7400 		.ascii	"int\000"
 205 0068 02       		.uleb128 0x2
 206 0069 04       		.byte	0x4
 207 006a 07       		.byte	0x7
 208 006b C7000000 		.4byte	.LASF8
 209 006f 04       		.uleb128 0x4
 210 0070 11010000 		.4byte	.LASF16
 211 0074 02       		.byte	0x2
 212 0075 5B       		.byte	0x5b
 213 0076 30000000 		.4byte	0x30
 214 007a 02       		.uleb128 0x2
 215 007b 04       		.byte	0x4
 216 007c 04       		.byte	0x4
 217 007d 73000000 		.4byte	.LASF9
 218 0081 02       		.uleb128 0x2
 219 0082 08       		.byte	0x8
 220 0083 04       		.byte	0x4
 221 0084 C0000000 		.4byte	.LASF10
 222 0088 02       		.uleb128 0x2
 223 0089 01       		.byte	0x1
 224 008a 08       		.byte	0x8
 225 008b 02010000 		.4byte	.LASF11
 226 008f 05       		.uleb128 0x5
 227 0090 01       		.byte	0x1
 228 0091 99000000 		.4byte	.LASF17
 229 0095 01       		.byte	0x1
 230 0096 42       		.byte	0x42
 231 0097 01       		.byte	0x1
 232 0098 00000000 		.4byte	.LFB0
 233 009c 4C000000 		.4byte	.LFE0
 234 00a0 00000000 		.4byte	.LLST0
 235 00a4 01       		.byte	0x1
 236 00a5 C6000000 		.4byte	0xc6
 237 00a9 06       		.uleb128 0x6
 238 00aa 68000000 		.4byte	.LASF18
 239 00ae 01       		.byte	0x1
 240 00af 42       		.byte	0x42
 241 00b0 C6000000 		.4byte	0xc6
 242 00b4 02       		.byte	0x2
 243 00b5 91       		.byte	0x91
 244 00b6 6C       		.sleb128 -20
 245 00b7 07       		.uleb128 0x7
 246 00b8 60000000 		.4byte	.LASF19
 247 00bc 01       		.byte	0x1
 248 00bd 44       		.byte	0x44
 249 00be 6F000000 		.4byte	0x6f
 250 00c2 02       		.byte	0x2
 251 00c3 91       		.byte	0x91
 252 00c4 77       		.sleb128 -9
 253 00c5 00       		.byte	0
 254 00c6 08       		.uleb128 0x8
 255 00c7 04       		.byte	0x4
ARM GAS  C:\Users\adam\AppData\Local\Temp\ccj39ihe.s 			page 7


 256 00c8 CC000000 		.4byte	0xcc
 257 00cc 09       		.uleb128 0x9
 258 00cd 6F000000 		.4byte	0x6f
 259 00d1 0A       		.uleb128 0xa
 260 00d2 6F000000 		.4byte	0x6f
 261 00d6 E1000000 		.4byte	0xe1
 262 00da 0B       		.uleb128 0xb
 263 00db E1000000 		.4byte	0xe1
 264 00df 3F       		.byte	0x3f
 265 00e0 00       		.byte	0
 266 00e1 02       		.uleb128 0x2
 267 00e2 04       		.byte	0x4
 268 00e3 07       		.byte	0x7
 269 00e4 EB000000 		.4byte	.LASF12
 270 00e8 0C       		.uleb128 0xc
 271 00e9 69010000 		.4byte	.LASF20
 272 00ed 01       		.byte	0x1
 273 00ee 15       		.byte	0x15
 274 00ef FA000000 		.4byte	0xfa
 275 00f3 01       		.byte	0x1
 276 00f4 05       		.byte	0x5
 277 00f5 03       		.byte	0x3
 278 00f6 00000000 		.4byte	LCD_customFonts
 279 00fa 09       		.uleb128 0x9
 280 00fb D1000000 		.4byte	0xd1
 281 00ff 00       		.byte	0
 282              		.section	.debug_abbrev,"",%progbits
 283              	.Ldebug_abbrev0:
 284 0000 01       		.uleb128 0x1
 285 0001 11       		.uleb128 0x11
 286 0002 01       		.byte	0x1
 287 0003 25       		.uleb128 0x25
 288 0004 0E       		.uleb128 0xe
 289 0005 13       		.uleb128 0x13
 290 0006 0B       		.uleb128 0xb
 291 0007 03       		.uleb128 0x3
 292 0008 0E       		.uleb128 0xe
 293 0009 1B       		.uleb128 0x1b
 294 000a 0E       		.uleb128 0xe
 295 000b 55       		.uleb128 0x55
 296 000c 06       		.uleb128 0x6
 297 000d 11       		.uleb128 0x11
 298 000e 01       		.uleb128 0x1
 299 000f 52       		.uleb128 0x52
 300 0010 01       		.uleb128 0x1
 301 0011 10       		.uleb128 0x10
 302 0012 06       		.uleb128 0x6
 303 0013 00       		.byte	0
 304 0014 00       		.byte	0
 305 0015 02       		.uleb128 0x2
 306 0016 24       		.uleb128 0x24
 307 0017 00       		.byte	0
 308 0018 0B       		.uleb128 0xb
 309 0019 0B       		.uleb128 0xb
 310 001a 3E       		.uleb128 0x3e
 311 001b 0B       		.uleb128 0xb
 312 001c 03       		.uleb128 0x3
ARM GAS  C:\Users\adam\AppData\Local\Temp\ccj39ihe.s 			page 8


 313 001d 0E       		.uleb128 0xe
 314 001e 00       		.byte	0
 315 001f 00       		.byte	0
 316 0020 03       		.uleb128 0x3
 317 0021 24       		.uleb128 0x24
 318 0022 00       		.byte	0
 319 0023 0B       		.uleb128 0xb
 320 0024 0B       		.uleb128 0xb
 321 0025 3E       		.uleb128 0x3e
 322 0026 0B       		.uleb128 0xb
 323 0027 03       		.uleb128 0x3
 324 0028 08       		.uleb128 0x8
 325 0029 00       		.byte	0
 326 002a 00       		.byte	0
 327 002b 04       		.uleb128 0x4
 328 002c 16       		.uleb128 0x16
 329 002d 00       		.byte	0
 330 002e 03       		.uleb128 0x3
 331 002f 0E       		.uleb128 0xe
 332 0030 3A       		.uleb128 0x3a
 333 0031 0B       		.uleb128 0xb
 334 0032 3B       		.uleb128 0x3b
 335 0033 0B       		.uleb128 0xb
 336 0034 49       		.uleb128 0x49
 337 0035 13       		.uleb128 0x13
 338 0036 00       		.byte	0
 339 0037 00       		.byte	0
 340 0038 05       		.uleb128 0x5
 341 0039 2E       		.uleb128 0x2e
 342 003a 01       		.byte	0x1
 343 003b 3F       		.uleb128 0x3f
 344 003c 0C       		.uleb128 0xc
 345 003d 03       		.uleb128 0x3
 346 003e 0E       		.uleb128 0xe
 347 003f 3A       		.uleb128 0x3a
 348 0040 0B       		.uleb128 0xb
 349 0041 3B       		.uleb128 0x3b
 350 0042 0B       		.uleb128 0xb
 351 0043 27       		.uleb128 0x27
 352 0044 0C       		.uleb128 0xc
 353 0045 11       		.uleb128 0x11
 354 0046 01       		.uleb128 0x1
 355 0047 12       		.uleb128 0x12
 356 0048 01       		.uleb128 0x1
 357 0049 40       		.uleb128 0x40
 358 004a 06       		.uleb128 0x6
 359 004b 9642     		.uleb128 0x2116
 360 004d 0C       		.uleb128 0xc
 361 004e 01       		.uleb128 0x1
 362 004f 13       		.uleb128 0x13
 363 0050 00       		.byte	0
 364 0051 00       		.byte	0
 365 0052 06       		.uleb128 0x6
 366 0053 05       		.uleb128 0x5
 367 0054 00       		.byte	0
 368 0055 03       		.uleb128 0x3
 369 0056 0E       		.uleb128 0xe
ARM GAS  C:\Users\adam\AppData\Local\Temp\ccj39ihe.s 			page 9


 370 0057 3A       		.uleb128 0x3a
 371 0058 0B       		.uleb128 0xb
 372 0059 3B       		.uleb128 0x3b
 373 005a 0B       		.uleb128 0xb
 374 005b 49       		.uleb128 0x49
 375 005c 13       		.uleb128 0x13
 376 005d 02       		.uleb128 0x2
 377 005e 0A       		.uleb128 0xa
 378 005f 00       		.byte	0
 379 0060 00       		.byte	0
 380 0061 07       		.uleb128 0x7
 381 0062 34       		.uleb128 0x34
 382 0063 00       		.byte	0
 383 0064 03       		.uleb128 0x3
 384 0065 0E       		.uleb128 0xe
 385 0066 3A       		.uleb128 0x3a
 386 0067 0B       		.uleb128 0xb
 387 0068 3B       		.uleb128 0x3b
 388 0069 0B       		.uleb128 0xb
 389 006a 49       		.uleb128 0x49
 390 006b 13       		.uleb128 0x13
 391 006c 02       		.uleb128 0x2
 392 006d 0A       		.uleb128 0xa
 393 006e 00       		.byte	0
 394 006f 00       		.byte	0
 395 0070 08       		.uleb128 0x8
 396 0071 0F       		.uleb128 0xf
 397 0072 00       		.byte	0
 398 0073 0B       		.uleb128 0xb
 399 0074 0B       		.uleb128 0xb
 400 0075 49       		.uleb128 0x49
 401 0076 13       		.uleb128 0x13
 402 0077 00       		.byte	0
 403 0078 00       		.byte	0
 404 0079 09       		.uleb128 0x9
 405 007a 26       		.uleb128 0x26
 406 007b 00       		.byte	0
 407 007c 49       		.uleb128 0x49
 408 007d 13       		.uleb128 0x13
 409 007e 00       		.byte	0
 410 007f 00       		.byte	0
 411 0080 0A       		.uleb128 0xa
 412 0081 01       		.uleb128 0x1
 413 0082 01       		.byte	0x1
 414 0083 49       		.uleb128 0x49
 415 0084 13       		.uleb128 0x13
 416 0085 01       		.uleb128 0x1
 417 0086 13       		.uleb128 0x13
 418 0087 00       		.byte	0
 419 0088 00       		.byte	0
 420 0089 0B       		.uleb128 0xb
 421 008a 21       		.uleb128 0x21
 422 008b 00       		.byte	0
 423 008c 49       		.uleb128 0x49
 424 008d 13       		.uleb128 0x13
 425 008e 2F       		.uleb128 0x2f
 426 008f 0B       		.uleb128 0xb
ARM GAS  C:\Users\adam\AppData\Local\Temp\ccj39ihe.s 			page 10


 427 0090 00       		.byte	0
 428 0091 00       		.byte	0
 429 0092 0C       		.uleb128 0xc
 430 0093 34       		.uleb128 0x34
 431 0094 00       		.byte	0
 432 0095 03       		.uleb128 0x3
 433 0096 0E       		.uleb128 0xe
 434 0097 3A       		.uleb128 0x3a
 435 0098 0B       		.uleb128 0xb
 436 0099 3B       		.uleb128 0x3b
 437 009a 0B       		.uleb128 0xb
 438 009b 49       		.uleb128 0x49
 439 009c 13       		.uleb128 0x13
 440 009d 3F       		.uleb128 0x3f
 441 009e 0C       		.uleb128 0xc
 442 009f 02       		.uleb128 0x2
 443 00a0 0A       		.uleb128 0xa
 444 00a1 00       		.byte	0
 445 00a2 00       		.byte	0
 446 00a3 00       		.byte	0
 447              		.section	.debug_loc,"",%progbits
 448              	.Ldebug_loc0:
 449              	.LLST0:
 450 0000 00000000 		.4byte	.LFB0
 451 0004 02000000 		.4byte	.LCFI0
 452 0008 0200     		.2byte	0x2
 453 000a 7D       		.byte	0x7d
 454 000b 00       		.sleb128 0
 455 000c 02000000 		.4byte	.LCFI0
 456 0010 04000000 		.4byte	.LCFI1
 457 0014 0200     		.2byte	0x2
 458 0016 7D       		.byte	0x7d
 459 0017 08       		.sleb128 8
 460 0018 04000000 		.4byte	.LCFI1
 461 001c 06000000 		.4byte	.LCFI2
 462 0020 0200     		.2byte	0x2
 463 0022 7D       		.byte	0x7d
 464 0023 18       		.sleb128 24
 465 0024 06000000 		.4byte	.LCFI2
 466 0028 4C000000 		.4byte	.LFE0
 467 002c 0200     		.2byte	0x2
 468 002e 77       		.byte	0x77
 469 002f 18       		.sleb128 24
 470 0030 00000000 		.4byte	0
 471 0034 00000000 		.4byte	0
 472              		.section	.debug_aranges,"",%progbits
 473 0000 1C000000 		.4byte	0x1c
 474 0004 0200     		.2byte	0x2
 475 0006 00000000 		.4byte	.Ldebug_info0
 476 000a 04       		.byte	0x4
 477 000b 00       		.byte	0
 478 000c 0000     		.2byte	0
 479 000e 0000     		.2byte	0
 480 0010 00000000 		.4byte	.LFB0
 481 0014 4C000000 		.4byte	.LFE0-.LFB0
 482 0018 00000000 		.4byte	0
 483 001c 00000000 		.4byte	0
ARM GAS  C:\Users\adam\AppData\Local\Temp\ccj39ihe.s 			page 11


 484              		.section	.debug_ranges,"",%progbits
 485              	.Ldebug_ranges0:
 486 0000 00000000 		.4byte	.LFB0
 487 0004 4C000000 		.4byte	.LFE0
 488 0008 00000000 		.4byte	0
 489 000c 00000000 		.4byte	0
 490              		.section	.debug_line,"",%progbits
 491              	.Ldebug_line0:
 492 0000 79000000 		.section	.debug_str,"MS",%progbits,1
 492      02004C00 
 492      00000201 
 492      FB0E0D00 
 492      01010101 
 493              	.LASF14:
 494 0000 2E5C4765 		.ascii	".\\Generated_Source\\PSoC5\\LCD_CustChars.c\000"
 494      6E657261 
 494      7465645F 
 494      536F7572 
 494      63655C50 
 495              	.LASF15:
 496 0029 433A5C55 		.ascii	"C:\\Users\\adam\\Documents\\PSOC-Treadmill\\Treadmi"
 496      73657273 
 496      5C616461 
 496      6D5C446F 
 496      63756D65 
 497 0057 6C6C2E63 		.ascii	"ll.cydsn\000"
 497      7964736E 
 497      00
 498              	.LASF19:
 499 0060 696E6465 		.ascii	"indexU8\000"
 499      78553800 
 500              	.LASF18:
 501 0068 63757374 		.ascii	"customData\000"
 501      6F6D4461 
 501      746100
 502              	.LASF9:
 503 0073 666C6F61 		.ascii	"float\000"
 503      7400
 504              	.LASF1:
 505 0079 756E7369 		.ascii	"unsigned char\000"
 505      676E6564 
 505      20636861 
 505      7200
 506              	.LASF5:
 507 0087 6C6F6E67 		.ascii	"long unsigned int\000"
 507      20756E73 
 507      69676E65 
 507      6420696E 
 507      7400
 508              	.LASF17:
 509 0099 4C43445F 		.ascii	"LCD_LoadCustomFonts\000"
 509      4C6F6164 
 509      43757374 
 509      6F6D466F 
 509      6E747300 
 510              	.LASF3:
 511 00ad 73686F72 		.ascii	"short unsigned int\000"
ARM GAS  C:\Users\adam\AppData\Local\Temp\ccj39ihe.s 			page 12


 511      7420756E 
 511      7369676E 
 511      65642069 
 511      6E7400
 512              	.LASF10:
 513 00c0 646F7562 		.ascii	"double\000"
 513      6C6500
 514              	.LASF8:
 515 00c7 756E7369 		.ascii	"unsigned int\000"
 515      676E6564 
 515      20696E74 
 515      00
 516              	.LASF7:
 517 00d4 6C6F6E67 		.ascii	"long long unsigned int\000"
 517      206C6F6E 
 517      6720756E 
 517      7369676E 
 517      65642069 
 518              	.LASF12:
 519 00eb 73697A65 		.ascii	"sizetype\000"
 519      74797065 
 519      00
 520              	.LASF6:
 521 00f4 6C6F6E67 		.ascii	"long long int\000"
 521      206C6F6E 
 521      6720696E 
 521      7400
 522              	.LASF11:
 523 0102 63686172 		.ascii	"char\000"
 523      00
 524              	.LASF2:
 525 0107 73686F72 		.ascii	"short int\000"
 525      7420696E 
 525      7400
 526              	.LASF16:
 527 0111 75696E74 		.ascii	"uint8\000"
 527      3800
 528              	.LASF13:
 529 0117 474E5520 		.ascii	"GNU C 4.7.3 20130312 (release) [ARM/embedded-4_7-br"
 529      4320342E 
 529      372E3320 
 529      32303133 
 529      30333132 
 530 014a 616E6368 		.ascii	"anch revision 196615]\000"
 530      20726576 
 530      6973696F 
 530      6E203139 
 530      36363135 
 531              	.LASF4:
 532 0160 6C6F6E67 		.ascii	"long int\000"
 532      20696E74 
 532      00
 533              	.LASF20:
 534 0169 4C43445F 		.ascii	"LCD_customFonts\000"
 534      63757374 
 534      6F6D466F 
 534      6E747300 
ARM GAS  C:\Users\adam\AppData\Local\Temp\ccj39ihe.s 			page 13


 535              	.LASF0:
 536 0179 7369676E 		.ascii	"signed char\000"
 536      65642063 
 536      68617200 
 537              		.ident	"GCC: (GNU Tools for ARM Embedded Processors) 4.7.3 20130312 (release) [ARM/embedded-4_7-br
